#
# A fatal error has been detected by the Java Runtime Environment:
#
#  EXCEPTION_ACCESS_VIOLATION (0xc0000005) at pc=0x000007fe642e0038, pid=7772, tid=4664
#
# JRE version: Java(TM) SE Runtime Environment (8.0_91-b14) (build 1.8.0_91-b14)
# Java VM: Java HotSpot(TM) 64-Bit Server VM (25.91-b14 mixed mode windows-amd64 compressed oops)
# Problematic frame:
# C  0x000007fe642e0038
#
# Failed to write core dump. Minidumps are not enabled by default on client versions of Windows
#
# If you would like to submit a bug report, please visit:
#   http://bugreport.java.com/bugreport/crash.jsp
# The crash happened outside the Java Virtual Machine in native code.
# See problematic frame for where to report the bug.
#

---------------  T H R E A D  ---------------

Current thread (0x0000000028ccf000):  JavaThread "LWJGL Application" [_thread_in_native, id=4664, stack(0x000000002c1d0000,0x000000002c2d0000)]

siginfo: ExceptionCode=0xc0000005, reading address 0xffffffffffffffff

Registers:
RAX=0x0000000000000000, RBX=0x000007fee4290000, RCX=0xfffffffffc0113c7, RDX=0x0000000000000003
RSP=0x000000002c2ceff8, RBP=0x000000002c2cf0a0, RSI=0xfffffffffc0113c7, RDI=0x0000000000000000
R8 =0x000000002c2cc388, R9 =0x000000002c2cc540, R10=0x0000000000000000, R11=0x000000002c2ceaa0
R12=0x0000000000000000, R13=0x0000000025527648, R14=0x000000002c2cf0c0, R15=0x0000000028ccf000
RIP=0x000007fe642e0038, EFLAGS=0x0000000000010206

Top of Stack: (sp=0x000000002c2ceff8)
0x000000002c2ceff8:   000007fefd2c9df3 000007fee4290000
0x000000002c2cf008:   000007fee42caaa0 fffffffffc0113c7
0x000000002c2cf018:   000000000295b9ec 0000000000000001
0x000000002c2cf028:   0000000002817914 0000000025527650
0x000000002c2cf038:   0000000716304510 0000000000000002
0x000000002c2cf048:   000000003f800000 000000071634c5a8
0x000000002c2cf058:   0000000716304460 000000002c2cf060
0x000000002c2cf068:   0000000000000000 000000002c2cf0c0
0x000000002c2cf078:   0000000025527f30 0000000000000000
0x000000002c2cf088:   0000000025527650 0000000000000000
0x000000002c2cf098:   000000002c2cf0c0 000000002c2cf118
0x000000002c2cf0a8:   000000000280835d 0000000716353778
0x000000002c2cf0b8:   00000000028119d8 0000000716304510
0x000000002c2cf0c8:   0000000b557a2201 0000000716353818
0x000000002c2cf0d8:   000000002c2cf0c8 0000000025527533
0x000000002c2cf0e8:   000000002c2cf158 0000000025527f30 

Instructions: (pc=0x000007fe642e0038)
0x000007fe642e0018:   00 00 00 00 00 00 00 00 00 00 00 00 00 00 00 00
0x000007fe642e0028:   00 00 00 00 00 00 00 00 00 00 00 00 00 00 00 00
0x000007fe642e0038:   ff 25 00 00 00 00 30 77 e9 63 aa fe 7f 00 00 00
0x000007fe642e0048:   00 00 00 00 00 00 00 00 00 00 00 00 00 00 00 00 


Register to memory mapping:

RAX=0x0000000000000000 is an unknown value
RBX=0x000007fee4290000 is an unknown value
RCX=0xfffffffffc0113c7 is an unknown value
RDX=0x0000000000000003 is an unknown value
RSP=0x000000002c2ceff8 is pointing into the stack for thread: 0x0000000028ccf000
RBP=0x000000002c2cf0a0 is pointing into the stack for thread: 0x0000000028ccf000
RSI=0xfffffffffc0113c7 is an unknown value
RDI=0x0000000000000000 is an unknown value
R8 =0x000000002c2cc388 is pointing into the stack for thread: 0x0000000028ccf000
R9 =0x000000002c2cc540 is pointing into the stack for thread: 0x0000000028ccf000
R10=0x0000000000000000 is an unknown value
R11=0x000000002c2ceaa0 is pointing into the stack for thread: 0x0000000028ccf000
R12=0x0000000000000000 is an unknown value
R13=0x0000000025527648 is pointing into metadata
R14=0x000000002c2cf0c0 is pointing into the stack for thread: 0x0000000028ccf000
R15=0x0000000028ccf000 is a thread


Stack: [0x000000002c1d0000,0x000000002c2d0000],  sp=0x000000002c2ceff8,  free space=1019k
Native frames: (J=compiled Java code, j=interpreted, Vv=VM code, C=native code)
C  0x000007fe642e0038

Java frames: (J=compiled Java code, j=interpreted, Vv=VM code)
j  org.lwjgl.opengl.WindowsContextImplementation.nSwapBuffers(Ljava/nio/ByteBuffer;)V+0
j  org.lwjgl.opengl.WindowsContextImplementation.swapBuffers()V+35
J 658 C1 org.lwjgl.opengl.DrawableGL.swapBuffers()V (4 bytes) @ 0x0000000002ab3e5c [0x0000000002ab3d80+0xdc]
J 657 C1 org.lwjgl.opengl.Display.swapBuffers()V (55 bytes) @ 0x0000000002abf174 [0x0000000002abee00+0x374]
J 655 C1 org.lwjgl.opengl.Display.update(Z)V (154 bytes) @ 0x0000000002abd6dc [0x0000000002abd260+0x47c]
j  com.badlogic.gdx.backends.lwjgl.LwjglApplication.mainLoop()V+704
j  com.badlogic.gdx.backends.lwjgl.LwjglApplication$1.run()V+27
v  ~StubRoutines::call_stub

---------------  P R O C E S S  ---------------

Java Threads: ( => current thread )
  0x0000000028e41000 JavaThread "LWJGL Timer" daemon [_thread_blocked, id=4964, stack(0x0000000032970000,0x0000000032a70000)]
  0x0000000001cc8000 JavaThread "DestroyJavaVM" [_thread_blocked, id=8752, stack(0x0000000002200000,0x0000000002300000)]
=>0x0000000028ccf000 JavaThread "LWJGL Application" [_thread_in_native, id=4664, stack(0x000000002c1d0000,0x000000002c2d0000)]
  0x0000000026a8a800 JavaThread "Service Thread" daemon [_thread_blocked, id=7688, stack(0x00000000286e0000,0x00000000287e0000)]
  0x0000000026a19000 JavaThread "C1 CompilerThread3" daemon [_thread_blocked, id=2244, stack(0x0000000028590000,0x0000000028690000)]
  0x0000000025a4e000 JavaThread "C2 CompilerThread2" daemon [_thread_blocked, id=8508, stack(0x0000000028490000,0x0000000028590000)]
  0x0000000025a49000 JavaThread "C2 CompilerThread1" daemon [_thread_blocked, id=8364, stack(0x0000000028330000,0x0000000028430000)]
  0x00000000269e7000 JavaThread "C2 CompilerThread0" daemon [_thread_blocked, id=7960, stack(0x0000000027fd0000,0x00000000280d0000)]
  0x00000000269e6000 JavaThread "Attach Listener" daemon [_thread_blocked, id=4472, stack(0x0000000028110000,0x0000000028210000)]
  0x00000000269e4800 JavaThread "Signal Dispatcher" daemon [_thread_blocked, id=7924, stack(0x0000000027ea0000,0x0000000027fa0000)]
  0x0000000025a3f000 JavaThread "Finalizer" daemon [_thread_blocked, id=2968, stack(0x0000000027d40000,0x0000000027e40000)]
  0x0000000025a38800 JavaThread "Reference Handler" daemon [_thread_blocked, id=8696, stack(0x0000000027bb0000,0x0000000027cb0000)]

Other Threads:
  0x0000000026991800 VMThread [stack: 0x00000000279e0000,0x0000000027ae0000] [id=3240]
  0x0000000026a9f800 WatcherThread [stack: 0x00000000288c0000,0x00000000289c0000] [id=2800]

VM state:not at safepoint (normal execution)

VM Mutex/Monitor currently owned by a thread: None

Heap:
 PSYoungGen      total 153088K, used 18422K [0x0000000715800000, 0x0000000720280000, 0x00000007c0000000)
  eden space 131584K, 14% used [0x0000000715800000,0x00000007169fda80,0x000000071d880000)
  from space 21504K, 0% used [0x000000071ed80000,0x000000071ed80000,0x0000000720280000)
  to   space 21504K, 0% used [0x000000071d880000,0x000000071d880000,0x000000071ed80000)
 ParOldGen       total 349696K, used 0K [0x00000005c0800000, 0x00000005d5d80000, 0x0000000715800000)
  object space 349696K, 0% used [0x00000005c0800000,0x00000005c0800000,0x00000005d5d80000)
 Metaspace       used 7084K, capacity 7395K, committed 7680K, reserved 1056768K
  class space    used 658K, capacity 688K, committed 768K, reserved 1048576K

Card table byte_map: [0x0000000011bc0000,0x0000000012bc0000] byte_map_base: 0x000000000edbc000

Marking Bits: (ParMarkBitMap*) 0x00000000703c2f70
 Begin Bits: [0x0000000014090000, 0x000000001c070000)
 End Bits:   [0x000000001c070000, 0x0000000024050000)

Polling page: 0x0000000000140000

CodeCache: size=245760Kb used=2847Kb max_used=2852Kb free=242912Kb
 bounds [0x0000000002800000, 0x0000000002ad0000, 0x0000000011800000]
 total_blobs=1144 nmethods=673 adapters=385
 compilation: enabled

Compilation events (10 events):
Event: 7.815 Thread 0x0000000025a49000  669       4       com.badlogic.gdx.utils.LongMap$Values::next (78 bytes)
Event: 7.815 Thread 0x0000000025a4e000  670       4       com.badlogic.gdx.physics.box2d.Box2DDebugRenderer::renderBody (102 bytes)
Event: 7.818 Thread 0x0000000025a49000 nmethod 669 0x0000000002aca0d0 code [0x0000000002aca220, 0x0000000002aca438]
Event: 7.820 Thread 0x0000000025a4e000 nmethod 670 0x0000000002ac7bd0 code [0x0000000002ac7da0, 0x0000000002ac82f0]
Event: 7.948 Thread 0x0000000026a19000  671       3       java.nio.HeapByteBuffer::putInt (20 bytes)
Event: 7.948 Thread 0x0000000026a19000 nmethod 671 0x0000000002ac7510 code [0x0000000002ac76a0, 0x0000000002ac7a68]
Event: 7.948 Thread 0x0000000026a19000  672       3       java.nio.Bits::putInt (20 bytes)
Event: 7.948 Thread 0x0000000026a19000 nmethod 672 0x0000000002ac9c90 code [0x0000000002ac9e00, 0x0000000002ac9ff8]
Event: 7.948 Thread 0x0000000026a19000  673       3       java.nio.HeapByteBuffer::getInt (18 bytes)
Event: 7.949 Thread 0x0000000026a19000 nmethod 673 0x0000000002acaf10 code [0x0000000002acb120, 0x0000000002acba88]

GC Heap History (0 events):
No events

Deoptimization events (0 events):
No events

Internal exceptions (10 events):
Event: 0.141 Thread 0x0000000001cc8000 Exception <a 'java/security/PrivilegedActionException'> (0x0000000715a17f68) thrown at [C:\re\workspace\8-2-build-windows-amd64-cygwin\jdk8u91\6644\hotspot\src\share\vm\prims\jvm.cpp, line 1386]
Event: 0.141 Thread 0x0000000001cc8000 Exception <a 'java/security/PrivilegedActionException'> (0x0000000715a18178) thrown at [C:\re\workspace\8-2-build-windows-amd64-cygwin\jdk8u91\6644\hotspot\src\share\vm\prims\jvm.cpp, line 1386]
Event: 0.142 Thread 0x0000000001cc8000 Exception <a 'java/security/PrivilegedActionException'> (0x0000000715a1bfc0) thrown at [C:\re\workspace\8-2-build-windows-amd64-cygwin\jdk8u91\6644\hotspot\src\share\vm\prims\jvm.cpp, line 1386]
Event: 0.142 Thread 0x0000000001cc8000 Exception <a 'java/security/PrivilegedActionException'> (0x0000000715a1c1d0) thrown at [C:\re\workspace\8-2-build-windows-amd64-cygwin\jdk8u91\6644\hotspot\src\share\vm\prims\jvm.cpp, line 1386]
Event: 0.333 Thread 0x0000000001cc8000 Exception <a 'java/security/PrivilegedActionException'> (0x0000000715e0cb10) thrown at [C:\re\workspace\8-2-build-windows-amd64-cygwin\jdk8u91\6644\hotspot\src\share\vm\prims\jvm.cpp, line 1386]
Event: 0.333 Thread 0x0000000001cc8000 Exception <a 'java/security/PrivilegedActionException'> (0x0000000715e0e7e8) thrown at [C:\re\workspace\8-2-build-windows-amd64-cygwin\jdk8u91\6644\hotspot\src\share\vm\prims\jvm.cpp, line 1386]
Event: 0.333 Thread 0x0000000001cc8000 Exception <a 'java/security/PrivilegedActionException'> (0x0000000715e0f958) thrown at [C:\re\workspace\8-2-build-windows-amd64-cygwin\jdk8u91\6644\hotspot\src\share\vm\prims\jvm.cpp, line 1386]
Event: 0.334 Thread 0x0000000001cc8000 Exception <a 'java/security/PrivilegedActionException'> (0x0000000715e14ac0) thrown at [C:\re\workspace\8-2-build-windows-amd64-cygwin\jdk8u91\6644\hotspot\src\share\vm\prims\jvm.cpp, line 1386]
Event: 0.334 Thread 0x0000000001cc8000 Exception <a 'java/security/PrivilegedActionException'> (0x0000000715e15718) thrown at [C:\re\workspace\8-2-build-windows-amd64-cygwin\jdk8u91\6644\hotspot\src\share\vm\prims\jvm.cpp, line 1386]
Event: 0.334 Thread 0x0000000001cc8000 Exception <a 'java/security/PrivilegedActionException'> (0x0000000715e16340) thrown at [C:\re\workspace\8-2-build-windows-amd64-cygwin\jdk8u91\6644\hotspot\src\share\vm\prims\jvm.cpp, line 1386]

Events (10 events):
Event: 0.832 loading class org/lwjgl/opengl/Sync done
Event: 0.833 loading class org/lwjgl/opengl/Sync$RunningAvg
Event: 0.833 loading class org/lwjgl/opengl/Sync$RunningAvg done
Event: 0.834 loading class org/lwjgl/opengl/Sync$1
Event: 0.834 loading class org/lwjgl/opengl/Sync$1 done
Event: 0.836 Thread 0x0000000028e41000 Thread added: 0x0000000028e41000
Event: 0.999 loading class com/badlogic/gdx/backends/lwjgl/LwjglInput$TouchEvent
Event: 0.999 loading class com/badlogic/gdx/backends/lwjgl/LwjglInput$TouchEvent done
Event: 4.173 Executing VM operation: EnableBiasedLocking
Event: 4.173 Executing VM operation: EnableBiasedLocking done


Dynamic libraries:
0x000000013fb30000 - 0x000000013fb67000 	C:\Program Files\Java\jdk1.8.0_91\bin\javaw.exe
0x0000000077bc0000 - 0x0000000077d6a000 	C:\Windows\SYSTEM32\ntdll.dll
0x000007feee000000 - 0x000007feee033000 	C:\Program Files (x86)\AVG\Av\avghooka.dll
0x00000000779a0000 - 0x0000000077abf000 	C:\Windows\system32\kernel32.dll
0x000007fefc620000 - 0x000007fefc68a000 	C:\Windows\system32\KERNELBASE.dll
0x000007fefe7e0000 - 0x000007fefe8bb000 	C:\Windows\system32\ADVAPI32.dll
0x000007fefcd90000 - 0x000007fefce2f000 	C:\Windows\system32\msvcrt.dll
0x000007fefd410000 - 0x000007fefd42f000 	C:\Windows\SYSTEM32\sechost.dll
0x000007fefcc60000 - 0x000007fefcd8d000 	C:\Windows\system32\RPCRT4.dll
0x0000000077ac0000 - 0x0000000077bba000 	C:\Windows\system32\USER32.dll
0x000007fefd290000 - 0x000007fefd2f7000 	C:\Windows\system32\GDI32.dll
0x000007fefd380000 - 0x000007fefd38e000 	C:\Windows\system32\LPK.dll
0x000007fefcfe0000 - 0x000007fefd0aa000 	C:\Windows\system32\USP10.dll
0x000007fefb150000 - 0x000007fefb344000 	C:\Windows\WinSxS\amd64_microsoft.windows.common-controls_6595b64144ccf1df_6.0.7601.18837_none_fa3b1e3d17594757\COMCTL32.dll
0x000007fefd300000 - 0x000007fefd371000 	C:\Windows\system32\SHLWAPI.dll
0x000007fefd3e0000 - 0x000007fefd40e000 	C:\Windows\system32\IMM32.DLL
0x000007fefce30000 - 0x000007fefcf39000 	C:\Windows\system32\MSCTF.dll
0x0000000078b40000 - 0x0000000078c12000 	C:\Program Files\Java\jdk1.8.0_91\jre\bin\msvcr100.dll
0x000000006fbb0000 - 0x0000000070443000 	C:\Program Files\Java\jdk1.8.0_91\jre\bin\server\jvm.dll
0x000007fefa740000 - 0x000007fefa749000 	C:\Windows\system32\WSOCK32.dll
0x000007fefd390000 - 0x000007fefd3dd000 	C:\Windows\system32\WS2_32.dll
0x000007fefcc50000 - 0x000007fefcc58000 	C:\Windows\system32\NSI.dll
0x000007fef94b0000 - 0x000007fef94eb000 	C:\Windows\system32\WINMM.dll
0x000007fefb6b0000 - 0x000007fefb6bc000 	C:\Windows\system32\VERSION.dll
0x0000000077d90000 - 0x0000000077d97000 	C:\Windows\system32\PSAPI.DLL
0x000000006e930000 - 0x000000006e93f000 	C:\Program Files\Java\jdk1.8.0_91\jre\bin\verify.dll
0x000000006e750000 - 0x000000006e779000 	C:\Program Files\Java\jdk1.8.0_91\jre\bin\java.dll
0x000000006e730000 - 0x000000006e746000 	C:\Program Files\Java\jdk1.8.0_91\jre\bin\zip.dll
0x000007fefd640000 - 0x000007fefe3ca000 	C:\Windows\system32\SHELL32.dll
0x000007fefd430000 - 0x000007fefd633000 	C:\Windows\system32\ole32.dll
0x000007fefc5c0000 - 0x000007fefc5cf000 	C:\Windows\system32\profapi.dll
0x0000000065580000 - 0x0000000065616000 	C:\Users\Hitstorm13\AppData\Local\Temp\libgdxHitstorm13\2ec99cb7\gdx64.dll
0x000007fefbe00000 - 0x000007fefbe18000 	C:\Windows\system32\CRYPTSP.dll
0x000007fefbb00000 - 0x000007fefbb47000 	C:\Windows\system32\rsaenh.dll
0x000007fefc690000 - 0x000007fefc6ae000 	C:\Windows\system32\USERENV.dll
0x000007fefc460000 - 0x000007fefc46f000 	C:\Windows\system32\CRYPTBASE.dll
0x000000006e600000 - 0x000000006e61a000 	C:\Program Files\Java\jdk1.8.0_91\jre\bin\net.dll
0x000007fefbda0000 - 0x000007fefbdf5000 	C:\Windows\system32\mswsock.dll
0x000007fefbd90000 - 0x000007fefbd97000 	C:\Windows\System32\wship6.dll
0x000007fef9f60000 - 0x000007fef9f87000 	C:\Windows\system32\IPHLPAPI.DLL
0x000007fef9f50000 - 0x000007fef9f5b000 	C:\Windows\system32\WINNSI.DLL
0x000007fef8540000 - 0x000007fef8558000 	C:\Windows\system32\dhcpcsvc.DLL
0x000007fef8520000 - 0x000007fef8531000 	C:\Windows\system32\dhcpcsvc6.DLL
0x00000000517f0000 - 0x0000000051801000 	C:\Program Files\Java\jdk1.8.0_91\jre\bin\nio.dll
0x0000000180000000 - 0x0000000180053000 	C:\Users\Hitstorm13\AppData\Local\Temp\libgdxHitstorm13\dc0f0009\lwjgl64.dll
0x000007fee4290000 - 0x000007fee43ad000 	C:\Windows\system32\OPENGL32.dll
0x000007fefa210000 - 0x000007fefa23d000 	C:\Windows\system32\GLU32.dll
0x000007fef0530000 - 0x000007fef0621000 	C:\Windows\system32\DDRAW.dll
0x000007fefa320000 - 0x000007fefa328000 	C:\Windows\system32\DCIMAN32.dll
0x000007fefd0b0000 - 0x000007fefd287000 	C:\Windows\system32\SETUPAPI.dll
0x000007fefc5e0000 - 0x000007fefc616000 	C:\Windows\system32\CFGMGR32.dll
0x000007fefe450000 - 0x000007fefe528000 	C:\Windows\system32\OLEAUT32.dll
0x000007fefc770000 - 0x000007fefc78a000 	C:\Windows\system32\DEVOBJ.dll
0x000007fefb640000 - 0x000007fefb658000 	C:\Windows\system32\dwmapi.dll
0x0000000001d70000 - 0x0000000001dd4000 	C:\Users\HITSTO~1\AppData\Local\Temp\libgdxHitstorm13\dc0f0009\OpenAL64.dll
0x000007fefaf70000 - 0x000007fefafc6000 	C:\Windows\system32\uxtheme.dll
0x0000000002320000 - 0x000000000238c000 	C:\Program Files (x86)\RivaTuner Statistics Server\RTSSHooks64.dll
0x00000000711b0000 - 0x0000000071253000 	C:\Windows\WinSxS\amd64_microsoft.vc90.crt_1fc8b3b9a1e18e3b_9.0.30729.6161_none_08e61857a83bc251\MSVCR90.dll
0x000007fefa2f0000 - 0x000007fefa31b000 	C:\PROGRA~2\RAPTRI~1\Raptr\ltc_help64-112298.dll
0x000007fefc7a0000 - 0x000007fefc7db000 	C:\Windows\system32\WINTRUST.dll
0x000007fefc810000 - 0x000007fefc97d000 	C:\Windows\system32\CRYPT32.dll
0x000007fefc5d0000 - 0x000007fefc5df000 	C:\Windows\system32\MSASN1.dll
0x000007fefcf40000 - 0x000007fefcfd9000 	C:\Windows\system32\CLBCatQ.DLL
0x000007fefafd0000 - 0x000007fefb0fc000 	C:\Windows\System32\PROPSYS.dll
0x000007fef5d20000 - 0x000007fef5da8000 	C:\Windows\system32\dsound.dll
0x000007fefb660000 - 0x000007fefb68c000 	C:\Windows\system32\POWRPROF.dll
0x000007fefab60000 - 0x000007fefabab000 	C:\Windows\System32\MMDevApi.dll
0x000007fef5db0000 - 0x000007fef5dff000 	C:\Windows\system32\AUDIOSES.DLL
0x000007fef2b30000 - 0x000007fef2b48000 	C:\Windows\system32\atig6pxx.dll
0x0000000068200000 - 0x0000000069fa3000 	C:\Windows\system32\atio6axx.dll
0x000007fef28b0000 - 0x000007fef29f8000 	C:\Windows\system32\atiadlxx.dll
0x000007fefb690000 - 0x000007fefb6a1000 	C:\Windows\system32\WTSAPI32.dll
0x000007fee7840000 - 0x000007fee786c000 	C:\Windows\system32\atig6txx.dll
0x000007fee41f0000 - 0x000007fee428c000 	C:\Windows\system32\mscms.dll
0x000007fee7730000 - 0x000007fee7772000 	C:\Windows\system32\icm32.dll
0x0000000066bc0000 - 0x0000000066c7b000 	C:\Users\Hitstorm13\AppData\Local\Temp\libgdxHitstorm13\4d3c1ee0\gdx-box2d64.dll
0x000007fefe530000 - 0x000007fefe549000 	C:\Windows\system32\imagehlp.dll
0x000007fefbf80000 - 0x000007fefbfd0000 	C:\Windows\system32\ncrypt.dll
0x000007fefbf50000 - 0x000007fefbf72000 	C:\Windows\system32\bcrypt.dll
0x000007fefba40000 - 0x000007fefba8c000 	C:\Windows\system32\bcryptprimitives.dll
0x000007fefb870000 - 0x000007fefb88b000 	C:\Windows\system32\GPAPI.dll
0x000007fef36d0000 - 0x000007fef36f7000 	C:\Windows\system32\cryptnet.dll
0x000007fefe8c0000 - 0x000007fefe912000 	C:\Windows\system32\WLDAP32.dll
0x000007fefa5f0000 - 0x000007fefa5f9000 	C:\Windows\system32\SensApi.dll
0x000007fedf330000 - 0x000007fedf55b000 	C:\PROGRA~2\RAPTRI~1\Raptr\ltc_game64-112298.dll
0x000007fef4680000 - 0x000007fef47a5000 	C:\Windows\system32\dbghelp.dll

VM Arguments:
jvm_args: -Dfile.encoding=Cp1252 
java_command: com.mygdx.game.desktop.DesktopLauncher
java_class_path (initial): C:\Users\Hitstorm13\Documents\GitHub\Breakout\Libgdx\desktop\bin;C:\Users\Hitstorm13\Documents\GitHub\Breakout\Libgdx\core\bin;C:\Users\Hitstorm13\.gradle\caches\modules-2\files-2.1\com.badlogicgames.gdx\gdx\1.9.2\e641cb91bec06bc64d9ddf7a7d7062caceec73cd\gdx-1.9.2.jar;C:\Users\Hitstorm13\.gradle\caches\modules-2\files-2.1\com.badlogicgames.gdx\gdx-box2d\1.9.2\b78eaa90aaaf7830e6dffff587ea6e859c2787b2\gdx-box2d-1.9.2.jar;C:\Users\Hitstorm13\.gradle\caches\modules-2\files-2.1\com.badlogicgames.gdx\gdx-controllers\1.9.2\d651e0d52443b1c1a943641eebc06482e29923bc\gdx-controllers-1.9.2.jar;C:\Users\Hitstorm13\.gradle\caches\modules-2\files-2.1\com.badlogicgames.gdx\gdx-ai\1.8.0\ec30677d8ab1a8b8aa4b853c5f4e4b1361f50bf5\gdx-ai-1.8.0.jar;C:\Users\Hitstorm13\.gradle\caches\modules-2\files-2.1\com.badlogicgames.ashley\ashley\1.7.0\a7c4083c0a42027a3c03ba7ccecef6cbe1c5f0a4\ashley-1.7.0.jar;C:\Users\Hitstorm13\.gradle\caches\modules-2\files-2.1\com.badlogicgames.box2dlights\box2dlights\1.4\3d77ad5b4164fb32fc67e2446e35911bb0aaf0bd\box2dlights-1.4.jar;C:\Users\Hitstorm13\.gradle\caches\modules-2\files-2.1\com.badlogicgames.gdx\gdx-backend-lwjgl\1.9.2\d710a8704ed584ec2ba9ca52e3a6a5885dd759cc\gdx-backend-lwjgl-1.9.2.jar;C:\Users\Hitstorm13\.gradle\caches\modules-2\files-2.1\com.badlogicgames.gdx\gdx-platform\1.9.2\dde4cf7e9ce61c24042f512203aed87657496639\gdx-platform-1.9.2-natives-desktop.jar;C:\Users\Hitstorm13\.gradle\caches\modules-2\files-2.1\com.badlogicgames.gdx\gdx-box2d-platform\1.9.2\497cbfbf81e7e8b1e8433b19291c5af4bbc2ec66\gdx-box2d-platform-1.9.2-natives-desktop.jar;C:\Users\Hitstorm13\.gradle\caches\modules-2\files-2.1\com.badlogicgames.gdx\gdx-controllers-desktop\1.9.2\8023a69faf45a0da8bff25574de51cd77fcaf439\gdx-controllers-desktop-1.9.2.jar;C:\Users\Hitstorm13\.gradle\caches\modules-2\files-2.1\com.badlogicgames.gdx\gdx-controllers-platform\1.9.2\4a6f5830422d93e1bd00f02a73ac3e2fbbcbd5f3\gdx-controllers-platform-1.9.2-natives-desktop.jar;C:\Us
Launcher Type: SUN_STANDARD

Environment Variables:
PATH=C:/Program Files/Java/jdk1.8.0_91/jre/bin/server;C:/Program Files/Java/jdk1.8.0_91/jre/bin;C:/Program Files/Java/jdk1.8.0_91/jre/lib/amd64;C:\ProgramData\Oracle\Java\javapath;C:\Windows\system32;C:\Windows;C:\Windows\System32\Wbem;C:\Windows\System32\WindowsPowerShell\v1.0\;C:\Program Files (x86)\Skype\Phone\;C:\Windows\System32\WindowsPowerShell\v1.0\;C:\Windows\System32\WindowsPowerShell\v1.0\;C:\Windows\system32;
USERNAME=Hitstorm13
OS=Windows_NT
PROCESSOR_IDENTIFIER=AMD64 Family 21 Model 2 Stepping 0, AuthenticAMD



---------------  S Y S T E M  ---------------

OS: Windows 7 , 64 bit Build 7601 (6.1.7601.23392)

CPU:total 8 (8 cores per cpu, 1 threads per core) family 21 model 2 stepping 0, cmov, cx8, fxsr, mmx, sse, sse2, sse3, ssse3, sse4.1, sse4.2, popcnt, avx, aes, clmul, mmxext, 3dnowpref, lzcnt, sse4a, tsc, tscinvbit, tscinv, bmi1

Memory: 4k page, physical 33518180k(26450580k free), swap 67034504k(57745392k free)

vm_info: Java HotSpot(TM) 64-Bit Server VM (25.91-b14) for windows-amd64 JRE (1.8.0_91-b14), built on Apr  1 2016 00:58:32 by "java_re" with MS VC++ 10.0 (VS2010)

time: Wed May 04 18:30:14 2016
elapsed time: 8 seconds (0d 0h 0m 8s)

