#
# A fatal error has been detected by the Java Runtime Environment:
#
#  EXCEPTION_ACCESS_VIOLATION (0xc0000005) at pc=0x000007fe78430038, pid=9304, tid=9816
#
# JRE version: Java(TM) SE Runtime Environment (8.0_91-b14) (build 1.8.0_91-b14)
# Java VM: Java HotSpot(TM) 64-Bit Server VM (25.91-b14 mixed mode windows-amd64 compressed oops)
# Problematic frame:
# C  0x000007fe78430038
#
# Failed to write core dump. Minidumps are not enabled by default on client versions of Windows
#
# If you would like to submit a bug report, please visit:
#   http://bugreport.java.com/bugreport/crash.jsp
# The crash happened outside the Java Virtual Machine in native code.
# See problematic frame for where to report the bug.
#

---------------  T H R E A D  ---------------

Current thread (0x0000000028d59800):  JavaThread "LWJGL Application" [_thread_in_native, id=9816, stack(0x000000002c2a0000,0x000000002c3a0000)]

siginfo: ExceptionCode=0xc0000005, reading address 0xffffffffffffffff

Registers:
RAX=0x0000000000000000, RBX=0x000007fef83e0000, RCX=0x00000000570114bd, RDX=0x0000000000000003
RSP=0x000000002c39ee08, RBP=0x000000002c39eeb0, RSI=0x00000000570114bd, RDI=0x0000000000000000
R8 =0x000000002c39c198, R9 =0x000000002c39c350, R10=0x0000000000000000, R11=0x000000002c39e8b0
R12=0x0000000000000000, R13=0x0000000025467648, R14=0x000000002c39eed0, R15=0x0000000028d59800
RIP=0x000007fe78430038, EFLAGS=0x0000000000010206

Top of Stack: (sp=0x000000002c39ee08)
0x000000002c39ee08:   000007fefc689f0b 000007fef83e0000
0x000000002c39ee18:   000007fef841aaa0 00000000570114bd
0x000000002c39ee28:   00000000027fb8ec 0000000000000001
0x000000002c39ee38:   00000000026b7914 0000000025467650
0x000000002c39ee48:   0000000716304650 00000000ffffffff
0x000000002c39ee58:   000000006a8770d0 000000071634c2f8
0x000000002c39ee68:   00000007163045a0 000000002c39ee70
0x000000002c39ee78:   0000000000000000 000000002c39eed0
0x000000002c39ee88:   0000000025467f30 0000000000000000
0x000000002c39ee98:   0000000025467650 0000000000000000
0x000000002c39eea8:   000000002c39eed0 000000002c39ef28
0x000000002c39eeb8:   00000000026a835d 00000007163534c8
0x000000002c39eec8:   00000000026b19d8 0000000716304650
0x000000002c39eed8:   0000000e896ec101 0000000716353568
0x000000002c39eee8:   000000002c39eed8 0000000025467533
0x000000002c39eef8:   000000002c39ef68 0000000025467f30 

Instructions: (pc=0x000007fe78430038)
0x000007fe78430018:   00 00 00 00 00 00 00 00 00 00 00 00 00 00 00 00
0x000007fe78430028:   00 00 00 00 00 00 00 00 00 00 00 00 00 00 00 00
0x000007fe78430038:   ff 25 00 00 00 00 30 77 e9 63 aa fe 7f 00 00 00
0x000007fe78430048:   00 00 00 00 00 00 00 00 00 00 00 00 00 00 00 00 


Register to memory mapping:

RAX=0x0000000000000000 is an unknown value
RBX=0x000007fef83e0000 is an unknown value
RCX=0x00000000570114bd is an unknown value
RDX=0x0000000000000003 is an unknown value
RSP=0x000000002c39ee08 is pointing into the stack for thread: 0x0000000028d59800
RBP=0x000000002c39eeb0 is pointing into the stack for thread: 0x0000000028d59800
RSI=0x00000000570114bd is an unknown value
RDI=0x0000000000000000 is an unknown value
R8 =0x000000002c39c198 is pointing into the stack for thread: 0x0000000028d59800
R9 =0x000000002c39c350 is pointing into the stack for thread: 0x0000000028d59800
R10=0x0000000000000000 is an unknown value
R11=0x000000002c39e8b0 is pointing into the stack for thread: 0x0000000028d59800
R12=0x0000000000000000 is an unknown value
R13=0x0000000025467648 is pointing into metadata
R14=0x000000002c39eed0 is pointing into the stack for thread: 0x0000000028d59800
R15=0x0000000028d59800 is a thread


Stack: [0x000000002c2a0000,0x000000002c3a0000],  sp=0x000000002c39ee08,  free space=1019k
Native frames: (J=compiled Java code, j=interpreted, Vv=VM code, C=native code)
C  0x000007fe78430038

Java frames: (J=compiled Java code, j=interpreted, Vv=VM code)
j  org.lwjgl.opengl.WindowsContextImplementation.nSwapBuffers(Ljava/nio/ByteBuffer;)V+0
j  org.lwjgl.opengl.WindowsContextImplementation.swapBuffers()V+35
j  org.lwjgl.opengl.ContextGL.swapBuffers()V+3
j  org.lwjgl.opengl.DrawableGL.swapBuffers()V+0
j  org.lwjgl.opengl.Display.swapBuffers()V+39
J 829 C1 org.lwjgl.opengl.Display.update(Z)V (154 bytes) @ 0x00000000029cd01c [0x00000000029ccba0+0x47c]
j  com.badlogic.gdx.backends.lwjgl.LwjglApplication.mainLoop()V+704
j  com.badlogic.gdx.backends.lwjgl.LwjglApplication$1.run()V+27
v  ~StubRoutines::call_stub

---------------  P R O C E S S  ---------------

Java Threads: ( => current thread )
  0x00000000291f3800 JavaThread "LWJGL Timer" daemon [_thread_blocked, id=4112, stack(0x0000000032b30000,0x0000000032c30000)]
  0x0000000001c58000 JavaThread "DestroyJavaVM" [_thread_blocked, id=7196, stack(0x00000000022d0000,0x00000000023d0000)]
=>0x0000000028d59800 JavaThread "LWJGL Application" [_thread_in_native, id=9816, stack(0x000000002c2a0000,0x000000002c3a0000)]
  0x0000000026adb000 JavaThread "Service Thread" daemon [_thread_blocked, id=9056, stack(0x00000000288c0000,0x00000000289c0000)]
  0x0000000026a61000 JavaThread "C1 CompilerThread3" daemon [_thread_blocked, id=9528, stack(0x0000000028720000,0x0000000028820000)]
  0x000000002598e000 JavaThread "C2 CompilerThread2" daemon [_thread_blocked, id=2752, stack(0x00000000281c0000,0x00000000282c0000)]
  0x0000000025989000 JavaThread "C2 CompilerThread1" daemon [_thread_blocked, id=1316, stack(0x0000000028470000,0x0000000028570000)]
  0x0000000026a37800 JavaThread "C2 CompilerThread0" daemon [_thread_blocked, id=8780, stack(0x0000000028340000,0x0000000028440000)]
  0x0000000026a35800 JavaThread "Attach Listener" daemon [_thread_blocked, id=5672, stack(0x0000000027f40000,0x0000000028040000)]
  0x0000000026a34800 JavaThread "Signal Dispatcher" daemon [_thread_blocked, id=1520, stack(0x00000000280b0000,0x00000000281b0000)]
  0x000000002597f000 JavaThread "Finalizer" daemon [_thread_blocked, id=9160, stack(0x0000000027e00000,0x0000000027f00000)]
  0x0000000025978000 JavaThread "Reference Handler" daemon [_thread_blocked, id=7248, stack(0x0000000027bf0000,0x0000000027cf0000)]

Other Threads:
  0x00000000269e1800 VMThread [stack: 0x00000000279e0000,0x0000000027ae0000] [id=6280]
  0x0000000026adf800 WatcherThread [stack: 0x0000000028570000,0x0000000028670000] [id=7792]

VM state:not at safepoint (normal execution)

VM Mutex/Monitor currently owned by a thread: None

Heap:
 PSYoungGen      total 153088K, used 23685K [0x0000000715800000, 0x0000000720280000, 0x00000007c0000000)
  eden space 131584K, 18% used [0x0000000715800000,0x0000000716f21658,0x000000071d880000)
  from space 21504K, 0% used [0x000000071ed80000,0x000000071ed80000,0x0000000720280000)
  to   space 21504K, 0% used [0x000000071d880000,0x000000071d880000,0x000000071ed80000)
 ParOldGen       total 349696K, used 0K [0x00000005c0800000, 0x00000005d5d80000, 0x0000000715800000)
  object space 349696K, 0% used [0x00000005c0800000,0x00000005c0800000,0x00000005d5d80000)
 Metaspace       used 8015K, capacity 8137K, committed 8320K, reserved 1056768K
  class space    used 760K, capacity 785K, committed 896K, reserved 1048576K

Card table byte_map: [0x0000000011a60000,0x0000000012a60000] byte_map_base: 0x000000000ec5c000

Marking Bits: (ParMarkBitMap*) 0x00000000703c2f70
 Begin Bits: [0x0000000013fd0000, 0x000000001bfb0000)
 End Bits:   [0x000000001bfb0000, 0x0000000023f90000)

Polling page: 0x0000000000340000

CodeCache: size=245760Kb used=3340Kb max_used=3340Kb free=242419Kb
 bounds [0x00000000026a0000, 0x00000000029f0000, 0x00000000116a0000]
 total_blobs=1344 nmethods=850 adapters=408
 compilation: enabled

Compilation events (10 events):
Event: 9.628 Thread 0x0000000026a61000  845       3       org.lwjgl.opengl.StateTracker::bindBuffer (125 bytes)
Event: 9.628 Thread 0x0000000026a61000 nmethod 845 0x00000000029dced0 code [0x00000000029dd080, 0x00000000029dd648]
Event: 9.691 Thread 0x0000000026a61000  847       3       com.badlogic.gdx.graphics.glutils.ImmediateModeRenderer20::flush (113 bytes)
Event: 9.693 Thread 0x0000000026a61000 nmethod 847 0x00000000029dde10 code [0x00000000029de260, 0x00000000029dfff8]
Event: 9.874 Thread 0x0000000025989000  848       4       com.badlogic.gdx.utils.Array$ArrayIterator::next (66 bytes)
Event: 9.875 Thread 0x0000000025989000 nmethod 848 0x00000000029e48d0 code [0x00000000029e4a20, 0x00000000029e4b18]
Event: 10.341 Thread 0x0000000026a61000  849       3       com.badlogic.gdx.graphics.g2d.Sprite::setSize (131 bytes)
Event: 10.342 Thread 0x0000000026a61000 nmethod 849 0x00000000029e4110 code [0x00000000029e42a0, 0x00000000029e46b0]
Event: 10.374 Thread 0x0000000026a61000  850       3       com.badlogic.gdx.physics.box2d.Box2DDebugRenderer::renderBodies (194 bytes)
Event: 10.375 Thread 0x0000000026a61000 nmethod 850 0x00000000029e4c50 code [0x00000000029e5000, 0x00000000029e6d58]

GC Heap History (0 events):
No events

Deoptimization events (0 events):
No events

Internal exceptions (10 events):
Event: 0.230 Thread 0x0000000001c58000 Exception <a 'java/security/PrivilegedActionException'> (0x0000000715a18018) thrown at [C:\re\workspace\8-2-build-windows-amd64-cygwin\jdk8u91\6644\hotspot\src\share\vm\prims\jvm.cpp, line 1386]
Event: 0.230 Thread 0x0000000001c58000 Exception <a 'java/security/PrivilegedActionException'> (0x0000000715a18228) thrown at [C:\re\workspace\8-2-build-windows-amd64-cygwin\jdk8u91\6644\hotspot\src\share\vm\prims\jvm.cpp, line 1386]
Event: 0.230 Thread 0x0000000001c58000 Exception <a 'java/security/PrivilegedActionException'> (0x0000000715a1c070) thrown at [C:\re\workspace\8-2-build-windows-amd64-cygwin\jdk8u91\6644\hotspot\src\share\vm\prims\jvm.cpp, line 1386]
Event: 0.230 Thread 0x0000000001c58000 Exception <a 'java/security/PrivilegedActionException'> (0x0000000715a1c280) thrown at [C:\re\workspace\8-2-build-windows-amd64-cygwin\jdk8u91\6644\hotspot\src\share\vm\prims\jvm.cpp, line 1386]
Event: 0.499 Thread 0x0000000001c58000 Exception <a 'java/security/PrivilegedActionException'> (0x0000000715e27238) thrown at [C:\re\workspace\8-2-build-windows-amd64-cygwin\jdk8u91\6644\hotspot\src\share\vm\prims\jvm.cpp, line 1386]
Event: 0.499 Thread 0x0000000001c58000 Exception <a 'java/security/PrivilegedActionException'> (0x0000000715e28f10) thrown at [C:\re\workspace\8-2-build-windows-amd64-cygwin\jdk8u91\6644\hotspot\src\share\vm\prims\jvm.cpp, line 1386]
Event: 0.499 Thread 0x0000000001c58000 Exception <a 'java/security/PrivilegedActionException'> (0x0000000715e2a080) thrown at [C:\re\workspace\8-2-build-windows-amd64-cygwin\jdk8u91\6644\hotspot\src\share\vm\prims\jvm.cpp, line 1386]
Event: 0.500 Thread 0x0000000001c58000 Exception <a 'java/security/PrivilegedActionException'> (0x0000000715e2f1e8) thrown at [C:\re\workspace\8-2-build-windows-amd64-cygwin\jdk8u91\6644\hotspot\src\share\vm\prims\jvm.cpp, line 1386]
Event: 0.500 Thread 0x0000000001c58000 Exception <a 'java/security/PrivilegedActionException'> (0x0000000715e2fe40) thrown at [C:\re\workspace\8-2-build-windows-amd64-cygwin\jdk8u91\6644\hotspot\src\share\vm\prims\jvm.cpp, line 1386]
Event: 0.500 Thread 0x0000000001c58000 Exception <a 'java/security/PrivilegedActionException'> (0x0000000715e30a68) thrown at [C:\re\workspace\8-2-build-windows-amd64-cygwin\jdk8u91\6644\hotspot\src\share\vm\prims\jvm.cpp, line 1386]

Events (10 events):
Event: 6.436 loading class com/badlogic/gdx/utils/LongMap$Values
Event: 6.436 loading class com/badlogic/gdx/utils/LongMap$Values done
Event: 6.437 loading class com/badlogic/gdx/utils/LongMap$MapIterator
Event: 6.437 loading class com/badlogic/gdx/utils/LongMap$MapIterator done
Event: 6.437 loading class com/badlogic/gdx/physics/box2d/Shape$Type
Event: 6.437 loading class com/badlogic/gdx/physics/box2d/Shape$Type done
Event: 9.758 loading class org/lwjgl/opengl/WindowsKeycodes
Event: 9.758 loading class org/lwjgl/opengl/WindowsKeycodes done
Event: 9.759 loading class com/badlogic/gdx/backends/lwjgl/LwjglInput$KeyEvent
Event: 9.759 loading class com/badlogic/gdx/backends/lwjgl/LwjglInput$KeyEvent done


Dynamic libraries:
0x000000013f8d0000 - 0x000000013f907000 	C:\Program Files\Java\jdk1.8.0_91\bin\javaw.exe
0x0000000077470000 - 0x000000007761a000 	C:\Windows\SYSTEM32\ntdll.dll
0x000007feeb900000 - 0x000007feeb933000 	C:\Program Files (x86)\AVG\Av\avghooka.dll
0x0000000077350000 - 0x000000007746f000 	C:\Windows\system32\kernel32.dll
0x000007fefbed0000 - 0x000007fefbf3a000 	C:\Windows\system32\KERNELBASE.dll
0x000007fefc270000 - 0x000007fefc34b000 	C:\Windows\system32\ADVAPI32.dll
0x000007fefd400000 - 0x000007fefd49f000 	C:\Windows\system32\msvcrt.dll
0x000007fefd110000 - 0x000007fefd12f000 	C:\Windows\SYSTEM32\sechost.dll
0x000007fefe230000 - 0x000007fefe35d000 	C:\Windows\system32\RPCRT4.dll
0x0000000077250000 - 0x000000007734a000 	C:\Windows\system32\USER32.dll
0x000007fefc650000 - 0x000007fefc6b7000 	C:\Windows\system32\GDI32.dll
0x000007fefcc60000 - 0x000007fefcc6e000 	C:\Windows\system32\LPK.dll
0x000007fefc740000 - 0x000007fefc80a000 	C:\Windows\system32\USP10.dll
0x000007fefa3d0000 - 0x000007fefa5c4000 	C:\Windows\WinSxS\amd64_microsoft.windows.common-controls_6595b64144ccf1df_6.0.7601.18837_none_fa3b1e3d17594757\COMCTL32.dll
0x000007fefc6c0000 - 0x000007fefc731000 	C:\Windows\system32\SHLWAPI.dll
0x000007fefcc30000 - 0x000007fefcc5e000 	C:\Windows\system32\IMM32.DLL
0x000007fefc350000 - 0x000007fefc459000 	C:\Windows\system32\MSCTF.dll
0x0000000071fb0000 - 0x0000000072082000 	C:\Program Files\Java\jdk1.8.0_91\jre\bin\msvcr100.dll
0x000000006fbb0000 - 0x0000000070443000 	C:\Program Files\Java\jdk1.8.0_91\jre\bin\server\jvm.dll
0x000007fefab50000 - 0x000007fefab59000 	C:\Windows\system32\WSOCK32.dll
0x000007fefc9b0000 - 0x000007fefc9fd000 	C:\Windows\system32\WS2_32.dll
0x000007fefc460000 - 0x000007fefc468000 	C:\Windows\system32\NSI.dll
0x000007fef8da0000 - 0x000007fef8ddb000 	C:\Windows\system32\WINMM.dll
0x000007fefafa0000 - 0x000007fefafac000 	C:\Windows\system32\VERSION.dll
0x0000000077640000 - 0x0000000077647000 	C:\Windows\system32\PSAPI.DLL
0x00000000602e0000 - 0x00000000602ef000 	C:\Program Files\Java\jdk1.8.0_91\jre\bin\verify.dll
0x00000000539b0000 - 0x00000000539d9000 	C:\Program Files\Java\jdk1.8.0_91\jre\bin\java.dll
0x000000005df00000 - 0x000000005df16000 	C:\Program Files\Java\jdk1.8.0_91\jre\bin\zip.dll
0x000007fefd4a0000 - 0x000007fefe22a000 	C:\Windows\system32\SHELL32.dll
0x000007fefcf00000 - 0x000007fefd103000 	C:\Windows\system32\ole32.dll
0x000007fefbec0000 - 0x000007fefbecf000 	C:\Windows\system32\profapi.dll
0x0000000065580000 - 0x0000000065616000 	C:\Users\Hitstorm13\AppData\Local\Temp\libgdxHitstorm13\2ec99cb7\gdx64.dll
0x000007fefb6f0000 - 0x000007fefb708000 	C:\Windows\system32\CRYPTSP.dll
0x000007fefb3f0000 - 0x000007fefb437000 	C:\Windows\system32\rsaenh.dll
0x000007fefc150000 - 0x000007fefc16e000 	C:\Windows\system32\USERENV.dll
0x000007fefbd50000 - 0x000007fefbd5f000 	C:\Windows\system32\CRYPTBASE.dll
0x0000000053c40000 - 0x0000000053c5a000 	C:\Program Files\Java\jdk1.8.0_91\jre\bin\net.dll
0x000007fefb690000 - 0x000007fefb6e5000 	C:\Windows\system32\mswsock.dll
0x000007fefb680000 - 0x000007fefb687000 	C:\Windows\System32\wship6.dll
0x000007fef9850000 - 0x000007fef9877000 	C:\Windows\system32\IPHLPAPI.DLL
0x000007fef9840000 - 0x000007fef984b000 	C:\Windows\system32\WINNSI.DLL
0x000007fef7de0000 - 0x000007fef7df8000 	C:\Windows\system32\dhcpcsvc.DLL
0x000007fef7dc0000 - 0x000007fef7dd1000 	C:\Windows\system32\dhcpcsvc6.DLL
0x0000000053b40000 - 0x0000000053b51000 	C:\Program Files\Java\jdk1.8.0_91\jre\bin\nio.dll
0x0000000180000000 - 0x0000000180053000 	C:\Users\Hitstorm13\AppData\Local\Temp\libgdxHitstorm13\dc0f0009\lwjgl64.dll
0x000007fef83e0000 - 0x000007fef84fd000 	C:\Windows\system32\OPENGL32.dll
0x000007fef8b90000 - 0x000007fef8bbd000 	C:\Windows\system32\GLU32.dll
0x000007fee4720000 - 0x000007fee4811000 	C:\Windows\system32\DDRAW.dll
0x000007feebeb0000 - 0x000007feebeb8000 	C:\Windows\system32\DCIMAN32.dll
0x000007fefc470000 - 0x000007fefc647000 	C:\Windows\system32\SETUPAPI.dll
0x000007fefbf40000 - 0x000007fefbf76000 	C:\Windows\system32\CFGMGR32.dll
0x000007fefe360000 - 0x000007fefe438000 	C:\Windows\system32\OLEAUT32.dll
0x000007fefbfc0000 - 0x000007fefbfda000 	C:\Windows\system32\DEVOBJ.dll
0x000007fefaf30000 - 0x000007fefaf48000 	C:\Windows\system32\dwmapi.dll
0x0000000002240000 - 0x00000000022a4000 	C:\Users\HITSTO~1\AppData\Local\Temp\libgdxHitstorm13\dc0f0009\OpenAL64.dll
0x000007fefa940000 - 0x000007fefa996000 	C:\Windows\system32\uxtheme.dll
0x0000000013be0000 - 0x0000000013c4c000 	C:\Program Files (x86)\RivaTuner Statistics Server\RTSSHooks64.dll
0x0000000071010000 - 0x00000000710b3000 	C:\Windows\WinSxS\amd64_microsoft.vc90.crt_1fc8b3b9a1e18e3b_9.0.30729.6161_none_08e61857a83bc251\MSVCR90.dll
0x000007feebe80000 - 0x000007feebeab000 	C:\PROGRA~2\RAPTRI~1\Raptr\ltc_help64-112298.dll
0x000007fefbf80000 - 0x000007fefbfbb000 	C:\Windows\system32\WINTRUST.dll
0x000007fefbfe0000 - 0x000007fefc14d000 	C:\Windows\system32\CRYPT32.dll
0x000007fefbeb0000 - 0x000007fefbebf000 	C:\Windows\system32\MSASN1.dll
0x000007fefc810000 - 0x000007fefc8a9000 	C:\Windows\system32\CLBCatQ.DLL
0x000007fefab60000 - 0x000007fefac8c000 	C:\Windows\System32\PROPSYS.dll
0x000007fef3c30000 - 0x000007fef3cb8000 	C:\Windows\system32\dsound.dll
0x000007fefaf50000 - 0x000007fefaf7c000 	C:\Windows\system32\POWRPROF.dll
0x000007fefac90000 - 0x000007fefacdb000 	C:\Windows\System32\MMDevApi.dll
0x000007fef3cc0000 - 0x000007fef3d0f000 	C:\Windows\system32\AUDIOSES.DLL
0x000007fef88d0000 - 0x000007fef88e8000 	C:\Windows\system32\atig6pxx.dll
0x0000000068c80000 - 0x000000006aa23000 	C:\Windows\system32\atio6axx.dll
0x000007fef8290000 - 0x000007fef83d8000 	C:\Windows\system32\atiadlxx.dll
0x000007fefaf80000 - 0x000007fefaf91000 	C:\Windows\system32\WTSAPI32.dll
0x000007fef8870000 - 0x000007fef889c000 	C:\Windows\system32\atig6txx.dll
0x000007fef81f0000 - 0x000007fef828c000 	C:\Windows\system32\mscms.dll
0x000007fef81a0000 - 0x000007fef81e2000 	C:\Windows\system32\icm32.dll
0x0000000066bc0000 - 0x0000000066c7b000 	C:\Users\Hitstorm13\AppData\Local\Temp\libgdxHitstorm13\4d3c1ee0\gdx-box2d64.dll
0x000007fefc910000 - 0x000007fefc929000 	C:\Windows\system32\imagehlp.dll
0x000007fefb870000 - 0x000007fefb8c0000 	C:\Windows\system32\ncrypt.dll
0x000007fefb840000 - 0x000007fefb862000 	C:\Windows\system32\bcrypt.dll
0x000007fefb330000 - 0x000007fefb37c000 	C:\Windows\system32\bcryptprimitives.dll
0x000007fefb160000 - 0x000007fefb17b000 	C:\Windows\system32\GPAPI.dll
0x000007fef37d0000 - 0x000007fef37f7000 	C:\Windows\system32\cryptnet.dll
0x000007fefc8b0000 - 0x000007fefc902000 	C:\Windows\system32\WLDAP32.dll
0x000007fefa8d0000 - 0x000007fefa8d9000 	C:\Windows\system32\SensApi.dll
0x000007fef2930000 - 0x000007fef2b5b000 	C:\PROGRA~2\RAPTRI~1\Raptr\ltc_game64-112298.dll
0x000007fef0480000 - 0x000007fef05a5000 	C:\Windows\system32\dbghelp.dll

VM Arguments:
jvm_args: -Dfile.encoding=Cp1252 
java_command: com.mygdx.game.desktop.DesktopLauncher
java_class_path (initial): C:\Users\Hitstorm13\Documents\GitHub\Breakout\Libgdx\desktop\bin;C:\Users\Hitstorm13\Documents\GitHub\Breakout\Libgdx\core\bin;C:\Users\Hitstorm13\.gradle\caches\modules-2\files-2.1\com.badlogicgames.gdx\gdx\1.9.2\e641cb91bec06bc64d9ddf7a7d7062caceec73cd\gdx-1.9.2.jar;C:\Users\Hitstorm13\.gradle\caches\modules-2\files-2.1\com.badlogicgames.gdx\gdx-box2d\1.9.2\b78eaa90aaaf7830e6dffff587ea6e859c2787b2\gdx-box2d-1.9.2.jar;C:\Users\Hitstorm13\.gradle\caches\modules-2\files-2.1\com.badlogicgames.gdx\gdx-controllers\1.9.2\d651e0d52443b1c1a943641eebc06482e29923bc\gdx-controllers-1.9.2.jar;C:\Users\Hitstorm13\.gradle\caches\modules-2\files-2.1\com.badlogicgames.gdx\gdx-ai\1.8.0\ec30677d8ab1a8b8aa4b853c5f4e4b1361f50bf5\gdx-ai-1.8.0.jar;C:\Users\Hitstorm13\.gradle\caches\modules-2\files-2.1\com.badlogicgames.ashley\ashley\1.7.0\a7c4083c0a42027a3c03ba7ccecef6cbe1c5f0a4\ashley-1.7.0.jar;C:\Users\Hitstorm13\.gradle\caches\modules-2\files-2.1\com.badlogicgames.box2dlights\box2dlights\1.4\3d77ad5b4164fb32fc67e2446e35911bb0aaf0bd\box2dlights-1.4.jar;C:\Users\Hitstorm13\.gradle\caches\modules-2\files-2.1\com.badlogicgames.gdx\gdx-backend-lwjgl\1.9.2\d710a8704ed584ec2ba9ca52e3a6a5885dd759cc\gdx-backend-lwjgl-1.9.2.jar;C:\Users\Hitstorm13\.gradle\caches\modules-2\files-2.1\com.badlogicgames.gdx\gdx-platform\1.9.2\dde4cf7e9ce61c24042f512203aed87657496639\gdx-platform-1.9.2-natives-desktop.jar;C:\Users\Hitstorm13\.gradle\caches\modules-2\files-2.1\com.badlogicgames.gdx\gdx-box2d-platform\1.9.2\497cbfbf81e7e8b1e8433b19291c5af4bbc2ec66\gdx-box2d-platform-1.9.2-natives-desktop.jar;C:\Users\Hitstorm13\.gradle\caches\modules-2\files-2.1\com.badlogicgames.gdx\gdx-controllers-desktop\1.9.2\8023a69faf45a0da8bff25574de51cd77fcaf439\gdx-controllers-desktop-1.9.2.jar;C:\Users\Hitstorm13\.gradle\caches\modules-2\files-2.1\com.badlogicgames.gdx\gdx-controllers-platform\1.9.2\4a6f5830422d93e1bd00f02a73ac3e2fbbcbd5f3\gdx-controllers-platform-1.9.2-natives-desktop.jar;C:\Us
Launcher Type: SUN_STANDARD

Environment Variables:
PATH=C:/Program Files/Java/jdk1.8.0_91/jre/bin/server;C:/Program Files/Java/jdk1.8.0_91/jre/bin;C:/Program Files/Java/jdk1.8.0_91/jre/lib/amd64;C:\ProgramData\Oracle\Java\javapath;C:\Windows\system32;C:\Windows;C:\Windows\System32\Wbem;C:\Windows\System32\WindowsPowerShell\v1.0\;C:\Program Files (x86)\Skype\Phone\;C:\Windows\System32\WindowsPowerShell\v1.0\;C:\Windows\System32\WindowsPowerShell\v1.0\;C:\Windows\system32;
USERNAME=Hitstorm13
OS=Windows_NT
PROCESSOR_IDENTIFIER=AMD64 Family 21 Model 2 Stepping 0, AuthenticAMD



---------------  S Y S T E M  ---------------

OS: Windows 7 , 64 bit Build 7601 (6.1.7601.23418)

CPU:total 8 (8 cores per cpu, 1 threads per core) family 21 model 2 stepping 0, cmov, cx8, fxsr, mmx, sse, sse2, sse3, ssse3, sse4.1, sse4.2, popcnt, avx, aes, clmul, mmxext, 3dnowpref, lzcnt, sse4a, tsc, tscinvbit, tscinv, bmi1

Memory: 4k page, physical 33518180k(28025636k free), swap 67034500k(59028016k free)

vm_info: Java HotSpot(TM) 64-Bit Server VM (25.91-b14) for windows-amd64 JRE (1.8.0_91-b14), built on Apr  1 2016 00:58:32 by "java_re" with MS VC++ 10.0 (VS2010)

time: Thu May 19 21:59:45 2016
elapsed time: 10 seconds (0d 0h 0m 10s)

