#
# A fatal error has been detected by the Java Runtime Environment:
#
#  EXCEPTION_ACCESS_VIOLATION (0xc0000005) at pc=0x0000000000000000, pid=4556, tid=7328
#
# JRE version: Java(TM) SE Runtime Environment (8.0_91-b14) (build 1.8.0_91-b14)
# Java VM: Java HotSpot(TM) 64-Bit Server VM (25.91-b14 mixed mode windows-amd64 compressed oops)
# Problematic frame:
# C  0x0000000000000000
#
# Failed to write core dump. Minidumps are not enabled by default on client versions of Windows
#
# If you would like to submit a bug report, please visit:
#   http://bugreport.java.com/bugreport/crash.jsp
# The crash happened outside the Java Virtual Machine in native code.
# See problematic frame for where to report the bug.
#

---------------  T H R E A D  ---------------

Current thread (0x0000000028c9f000):  JavaThread "LWJGL Application" [_thread_in_native, id=7328, stack(0x000000002be70000,0x000000002bf70000)]

siginfo: ExceptionCode=0xc0000005, ExceptionInformation=0x0000000000000008 0x0000000000000000

Registers:
RAX=0x000000002c185470, RBX=0x000000002c179740, RCX=0x000000000100e160, RDX=0x000000002c15c0a0
RSP=0x000000002bf6eda8, RBP=0x000000002c15c0a0, RSI=0x000000002bf6ee70, RDI=0x000000002c15c0a0
R8 =0x000000002c175a30, R9 =0x000000002bf6ee70, R10=0x0000000002aa78e8, R11=0x0000000077679d90
R12=0x0000000000000000, R13=0x00000000257a21e0, R14=0x000000002bf6efe8, R15=0x0000000028c9f000
RIP=0x0000000000000000, EFLAGS=0x0000000000010202

Top of Stack: (sp=0x000000002bf6eda8)
0x000000002bf6eda8:   0000000066be047c 00000000b40002b6
0x000000002bf6edb8:   0000000000000000 00000000b40002b6
0x000000002bf6edc8:   000000002c175a30 0000000000200021
0x000000002bf6edd8:   000000002c175a30 000000002c179740
0x000000002bf6ede8:   000000002c15c0a0 000000002bf6ee70
0x000000002bf6edf8:   0000000066bdf2d9 00000000000000dc
0x000000002bf6ee08:   00000000fffffe26 00000000fffffe31
0x000000002bf6ee18:   00000000000000e7 000000000100e150
0x000000002bf6ee28:   00000000257a21e0 0000000000200021
0x000000002bf6ee38:   0000000002a9835d 000000002bf6ef70
0x000000002bf6ee48:   0000000066be64bd 000000002bf6efc0
0x000000002bf6ee58:   00000000000000db 00009f01ece549a2
0x000000002bf6ee68:   0000000028c9f000 000000000100e160
0x000000002bf6ee78:   0000000000000000 0000000000000000
0x000000002bf6ee88:   000100013f800000 000000000000ffff
0x000000002bf6ee98:   0000000029031ff0 0000000028c9f000 

Instructions: (pc=0x0000000000000000)
0xffffffffffffffe0:   


Register to memory mapping:

RAX=0x000000002c185470 is an unknown value
RBX=0x000000002c179740 is an unknown value
RCX=0x000000000100e160 is an unknown value
RDX=0x000000002c15c0a0 is an unknown value
RSP=0x000000002bf6eda8 is pointing into the stack for thread: 0x0000000028c9f000
RBP=0x000000002c15c0a0 is an unknown value
RSI=0x000000002bf6ee70 is pointing into the stack for thread: 0x0000000028c9f000
RDI=0x000000002c15c0a0 is an unknown value
R8 =0x000000002c175a30 is an unknown value
R9 =0x000000002bf6ee70 is pointing into the stack for thread: 0x0000000028c9f000
R10=0x0000000002aa78e8 is at code_begin+840 in an Interpreter codelet
method entry point (kind = native)  [0x0000000002aa75a0, 0x0000000002aa7f00]  2400 bytes
R11=0x0000000077679d90 is an unknown value
R12=0x0000000000000000 is an unknown value
R13={method} {0x00000000257a21e8} 'jniCreateFixture' '(JJFFFZSSS)J' in 'com/badlogic/gdx/physics/box2d/Body'
R14=0x000000002bf6efe8 is pointing into the stack for thread: 0x0000000028c9f000
R15=0x0000000028c9f000 is a thread


Stack: [0x000000002be70000,0x000000002bf70000],  sp=0x000000002bf6eda8,  free space=1019k
Native frames: (J=compiled Java code, j=interpreted, Vv=VM code, C=native code)

Java frames: (J=compiled Java code, j=interpreted, Vv=VM code)
j  com.badlogic.gdx.physics.box2d.Body.jniCreateFixture(JJFFFZSSS)J+0
j  com.badlogic.gdx.physics.box2d.Body.createFixture(Lcom/badlogic/gdx/physics/box2d/FixtureDef;)Lcom/badlogic/gdx/physics/box2d/Fixture;+49
j  com.mygdx.game.Model.GameStage.createBottomSensor(Lcom/badlogic/gdx/physics/box2d/World;)V+121
j  com.mygdx.game.Model.GameStage.<init>()V+166
j  com.mygdx.game.Screens.GameScreen.show()V+5
j  com.badlogic.gdx.Game.setScreen(Lcom/badlogic/gdx/Screen;)V+32
j  com.mygdx.game.BreakoutGame.create()V+82
j  com.badlogic.gdx.backends.lwjgl.LwjglApplication.mainLoop()V+29
j  com.badlogic.gdx.backends.lwjgl.LwjglApplication$1.run()V+27
v  ~StubRoutines::call_stub

---------------  P R O C E S S  ---------------

Java Threads: ( => current thread )
  0x0000000002992800 JavaThread "DestroyJavaVM" [_thread_blocked, id=8072, stack(0x0000000002890000,0x0000000002990000)]
=>0x0000000028c9f000 JavaThread "LWJGL Application" [_thread_in_native, id=7328, stack(0x000000002be70000,0x000000002bf70000)]
  0x0000000027ae3000 JavaThread "Service Thread" daemon [_thread_blocked, id=3636, stack(0x0000000028600000,0x0000000028700000)]
  0x0000000027a4c000 JavaThread "C1 CompilerThread3" daemon [_thread_blocked, id=1656, stack(0x0000000028500000,0x0000000028600000)]
  0x0000000027a43800 JavaThread "C2 CompilerThread2" daemon [_thread_blocked, id=7608, stack(0x0000000028400000,0x0000000028500000)]
  0x0000000027a3d000 JavaThread "C2 CompilerThread1" daemon [_thread_blocked, id=3884, stack(0x0000000028300000,0x0000000028400000)]
  0x0000000027a39800 JavaThread "C2 CompilerThread0" daemon [_thread_blocked, id=4736, stack(0x0000000028200000,0x0000000028300000)]
  0x0000000027a38800 JavaThread "Attach Listener" daemon [_thread_blocked, id=8, stack(0x0000000028100000,0x0000000028200000)]
  0x0000000027a37800 JavaThread "Signal Dispatcher" daemon [_thread_blocked, id=780, stack(0x0000000028000000,0x0000000028100000)]
  0x0000000027a30800 JavaThread "Finalizer" daemon [_thread_blocked, id=7172, stack(0x0000000027e10000,0x0000000027f10000)]
  0x0000000002a88000 JavaThread "Reference Handler" daemon [_thread_blocked, id=3632, stack(0x0000000027910000,0x0000000027a10000)]

Other Threads:
  0x0000000025b49000 VMThread [stack: 0x0000000027810000,0x0000000027910000] [id=3900]
  0x0000000027b00000 WatcherThread [stack: 0x0000000028700000,0x0000000028800000] [id=5968]

VM state:not at safepoint (normal execution)

VM Mutex/Monitor currently owned by a thread: None

Heap:
 PSYoungGen      total 153088K, used 18422K [0x0000000715800000, 0x0000000720280000, 0x00000007c0000000)
  eden space 131584K, 14% used [0x0000000715800000,0x00000007169fd8f0,0x000000071d880000)
  from space 21504K, 0% used [0x000000071ed80000,0x000000071ed80000,0x0000000720280000)
  to   space 21504K, 0% used [0x000000071d880000,0x000000071d880000,0x000000071ed80000)
 ParOldGen       total 349696K, used 0K [0x00000005c0800000, 0x00000005d5d80000, 0x0000000715800000)
  object space 349696K, 0% used [0x00000005c0800000,0x00000005c0800000,0x00000005d5d80000)
 Metaspace       used 6768K, capacity 7203K, committed 7424K, reserved 1056768K
  class space    used 651K, capacity 688K, committed 768K, reserved 1048576K

Card table byte_map: [0x0000000011e50000,0x0000000012e50000] byte_map_base: 0x000000000f04c000

Marking Bits: (ParMarkBitMap*) 0x0000000077c62f70
 Begin Bits: [0x0000000014100000, 0x000000001c0e0000)
 End Bits:   [0x000000001c0e0000, 0x00000000240c0000)

Polling page: 0x0000000000ff0000

CodeCache: size=245760Kb used=2284Kb max_used=2302Kb free=243475Kb
 bounds [0x0000000002a90000, 0x0000000002d00000, 0x0000000011a90000]
 total_blobs=936 nmethods=465 adapters=385
 compilation: enabled

Compilation events (10 events):
Event: 1.704 Thread 0x0000000027a4c000  459       3       java.util.zip.ZipEntry::<init> (146 bytes)
Event: 1.704 Thread 0x0000000027a4c000 nmethod 459 0x0000000002cc17d0 code [0x0000000002cc1960, 0x0000000002cc1da8]
Event: 1.707 Thread 0x0000000027a4c000  460       3       java.lang.ClassLoader::checkPackageAccess (122 bytes)
Event: 1.708 Thread 0x0000000027a4c000 nmethod 460 0x0000000002cc2d90 code [0x0000000002cc2fc0, 0x0000000002cc3ba8]
Event: 1.708 Thread 0x0000000027a4c000  462       3       java.util.Vector::elementData (7 bytes)
Event: 1.708 Thread 0x0000000027a4c000 nmethod 462 0x0000000002cc4150 code [0x0000000002cc42a0, 0x0000000002cc4430]
Event: 1.708 Thread 0x0000000027a4c000  461   !   3       java.util.Collections$SynchronizedCollection::add (25 bytes)
Event: 1.708 Thread 0x0000000027a4c000 nmethod 461 0x0000000002cc4510 code [0x0000000002cc4680, 0x0000000002cc4a48]
Event: 1.709 Thread 0x0000000027a43800 nmethod 456 0x0000000002cc7b50 code [0x0000000002cc7cc0, 0x0000000002cc8068]
Event: 1.709 Thread 0x0000000027a43800  458       4       sun.misc.MetaIndex::mayContain (51 bytes)

GC Heap History (0 events):
No events

Deoptimization events (0 events):
No events

Internal exceptions (10 events):
Event: 0.167 Thread 0x0000000002992800 Exception <a 'java/security/PrivilegedActionException'> (0x0000000715a103d0) thrown at [C:\re\workspace\8-2-build-windows-amd64-cygwin\jdk8u91\6644\hotspot\src\share\vm\prims\jvm.cpp, line 1386]
Event: 0.167 Thread 0x0000000002992800 Exception <a 'java/security/PrivilegedActionException'> (0x0000000715a105e0) thrown at [C:\re\workspace\8-2-build-windows-amd64-cygwin\jdk8u91\6644\hotspot\src\share\vm\prims\jvm.cpp, line 1386]
Event: 0.168 Thread 0x0000000002992800 Exception <a 'java/security/PrivilegedActionException'> (0x0000000715a14188) thrown at [C:\re\workspace\8-2-build-windows-amd64-cygwin\jdk8u91\6644\hotspot\src\share\vm\prims\jvm.cpp, line 1386]
Event: 0.168 Thread 0x0000000002992800 Exception <a 'java/security/PrivilegedActionException'> (0x0000000715a14398) thrown at [C:\re\workspace\8-2-build-windows-amd64-cygwin\jdk8u91\6644\hotspot\src\share\vm\prims\jvm.cpp, line 1386]
Event: 0.315 Thread 0x0000000002992800 Exception <a 'java/security/PrivilegedActionException'> (0x0000000715e43f08) thrown at [C:\re\workspace\8-2-build-windows-amd64-cygwin\jdk8u91\6644\hotspot\src\share\vm\prims\jvm.cpp, line 1386]
Event: 0.316 Thread 0x0000000002992800 Exception <a 'java/security/PrivilegedActionException'> (0x0000000715e45be0) thrown at [C:\re\workspace\8-2-build-windows-amd64-cygwin\jdk8u91\6644\hotspot\src\share\vm\prims\jvm.cpp, line 1386]
Event: 0.316 Thread 0x0000000002992800 Exception <a 'java/security/PrivilegedActionException'> (0x0000000715e46d50) thrown at [C:\re\workspace\8-2-build-windows-amd64-cygwin\jdk8u91\6644\hotspot\src\share\vm\prims\jvm.cpp, line 1386]
Event: 0.316 Thread 0x0000000002992800 Exception <a 'java/security/PrivilegedActionException'> (0x0000000715e4beb8) thrown at [C:\re\workspace\8-2-build-windows-amd64-cygwin\jdk8u91\6644\hotspot\src\share\vm\prims\jvm.cpp, line 1386]
Event: 0.316 Thread 0x0000000002992800 Exception <a 'java/security/PrivilegedActionException'> (0x0000000715e4cb10) thrown at [C:\re\workspace\8-2-build-windows-amd64-cygwin\jdk8u91\6644\hotspot\src\share\vm\prims\jvm.cpp, line 1386]
Event: 0.316 Thread 0x0000000002992800 Exception <a 'java/security/PrivilegedActionException'> (0x0000000715e4d738) thrown at [C:\re\workspace\8-2-build-windows-amd64-cygwin\jdk8u91\6644\hotspot\src\share\vm\prims\jvm.cpp, line 1386]

Events (10 events):
Event: 1.710 loading class com/badlogic/gdx/physics/box2d/EdgeShape
Event: 1.710 loading class com/badlogic/gdx/physics/box2d/EdgeShape done
Event: 1.710 loading class com/badlogic/gdx/physics/box2d/ChainShape
Event: 1.710 loading class com/badlogic/gdx/physics/box2d/ChainShape done
Event: 1.711 loading class com/badlogic/gdx/physics/box2d/Box2D
Event: 1.711 loading class com/badlogic/gdx/physics/box2d/Box2D done
Event: 1.711 loading class com/mygdx/game/Model/Entities/Ball
Event: 1.711 loading class com/mygdx/game/Model/Entities/Ball done
Event: 1.712 loading class com/mygdx/game/Model/Entities/Player
Event: 1.712 loading class com/mygdx/game/Model/Entities/Player done


Dynamic libraries:
0x00007ff6c5f60000 - 0x00007ff6c5f97000 	C:\Program Files\Java\jre1.8.0_91\bin\javaw.exe
0x00007ffad0b00000 - 0x00007ffad0cc2000 	C:\Windows\SYSTEM32\ntdll.dll
0x00007ffad0900000 - 0x00007ffad09ad000 	C:\Windows\system32\KERNEL32.DLL
0x00007ffacdf60000 - 0x00007fface13d000 	C:\Windows\system32\KERNELBASE.dll
0x0000000052260000 - 0x0000000052311000 	C:\Program Files\Bitdefender\Antivirus Free Edition\avc3\avc3_sig_357\avcuf64.dll
0x00007ffad09f0000 - 0x00007ffad0a96000 	C:\Windows\system32\ADVAPI32.dll
0x00007fface980000 - 0x00007ffacea1d000 	C:\Windows\system32\msvcrt.dll
0x00007ffad0aa0000 - 0x00007ffad0afb000 	C:\Windows\system32\sechost.dll
0x00007ffacebd0000 - 0x00007ffacecf6000 	C:\Windows\system32\RPCRT4.dll
0x00007fface190000 - 0x00007fface2de000 	C:\Windows\system32\USER32.dll
0x00007ffaceeb0000 - 0x00007ffacf036000 	C:\Windows\system32\GDI32.dll
0x00007ffac27c0000 - 0x00007ffac2a34000 	C:\Windows\WinSxS\amd64_microsoft.windows.common-controls_6595b64144ccf1df_6.0.10240.16384_none_f41f7b285750ef43\COMCTL32.dll
0x00007ffad09b0000 - 0x00007ffad09e6000 	C:\Windows\system32\IMM32.DLL
0x00007ffad0710000 - 0x00007ffad086c000 	C:\Windows\system32\MSCTF.dll
0x0000000076990000 - 0x0000000076a62000 	C:\Program Files\Java\jre1.8.0_91\bin\msvcr100.dll
0x0000000077450000 - 0x0000000077ce3000 	C:\Program Files\Java\jre1.8.0_91\bin\server\jvm.dll
0x00007fface5c0000 - 0x00007fface5c8000 	C:\Windows\system32\PSAPI.DLL
0x00007ffac2ab0000 - 0x00007ffac2ab9000 	C:\Windows\SYSTEM32\WSOCK32.dll
0x00007fface5d0000 - 0x00007fface639000 	C:\Windows\system32\WS2_32.dll
0x00007ffad08d0000 - 0x00007ffad08d8000 	C:\Windows\system32\NSI.dll
0x00007ffacb9c0000 - 0x00007ffacb9e3000 	C:\Windows\SYSTEM32\WINMM.dll
0x00007ffacbb40000 - 0x00007ffacbb4a000 	C:\Windows\SYSTEM32\VERSION.dll
0x00007ffacb940000 - 0x00007ffacb96c000 	C:\Windows\SYSTEM32\WINMMBASE.dll
0x00007fface140000 - 0x00007fface184000 	C:\Windows\system32\cfgmgr32.dll
0x00007ffacbe60000 - 0x00007ffacbe87000 	C:\Windows\SYSTEM32\DEVOBJ.dll
0x0000000050050000 - 0x000000005005f000 	C:\Program Files\Java\jre1.8.0_91\bin\verify.dll
0x0000000050020000 - 0x0000000050049000 	C:\Program Files\Java\jre1.8.0_91\bin\java.dll
0x0000000050000000 - 0x0000000050016000 	C:\Program Files\Java\jre1.8.0_91\bin\zip.dll
0x00007ffacf040000 - 0x00007ffad05a8000 	C:\Windows\system32\SHELL32.dll
0x00007ffacd760000 - 0x00007ffacdd88000 	C:\Windows\system32\windows.storage.dll
0x00007fface2e0000 - 0x00007fface55c000 	C:\Windows\system32\combase.dll
0x00007ffad0870000 - 0x00007ffad08c1000 	C:\Windows\system32\shlwapi.dll
0x00007ffacd560000 - 0x00007ffacd56f000 	C:\Windows\system32\kernel.appcore.dll
0x00007ffacdea0000 - 0x00007ffacdf53000 	C:\Windows\system32\shcore.dll
0x00007ffacd4f0000 - 0x00007ffacd53a000 	C:\Windows\system32\powrprof.dll
0x00007ffacd540000 - 0x00007ffacd553000 	C:\Windows\system32\profapi.dll
0x00007fface6f0000 - 0x00007fface7ae000 	C:\Windows\system32\OLEAUT32.dll
0x0000000065580000 - 0x0000000065616000 	C:\Users\Michael\AppData\Local\Temp\libgdxMichael\2ec99cb7\gdx64.dll
0x00007ffaccdc0000 - 0x00007ffaccdd7000 	C:\Windows\SYSTEM32\CRYPTSP.dll
0x00007ffacd030000 - 0x00007ffacd058000 	C:\Windows\SYSTEM32\bcrypt.dll
0x00007ffacca10000 - 0x00007ffacca43000 	C:\Windows\system32\rsaenh.dll
0x00007ffaccb00000 - 0x00007ffaccb1f000 	C:\Windows\SYSTEM32\USERENV.dll
0x00007ffacd340000 - 0x00007ffacd3ab000 	C:\Windows\system32\bcryptprimitives.dll
0x00007ffaccf30000 - 0x00007ffaccf3b000 	C:\Windows\SYSTEM32\CRYPTBASE.dll
0x0000000077430000 - 0x000000007744a000 	C:\Program Files\Java\jre1.8.0_91\bin\net.dll
0x00007ffaccd60000 - 0x00007ffaccdbd000 	C:\Windows\system32\mswsock.dll
0x00007ffacbc50000 - 0x00007ffacbc88000 	C:\Windows\SYSTEM32\IPHLPAPI.DLL
0x00007ffacbc40000 - 0x00007ffacbc4b000 	C:\Windows\SYSTEM32\WINNSI.DLL
0x00007ffac8230000 - 0x00007ffac8246000 	C:\Windows\SYSTEM32\dhcpcsvc6.DLL
0x00007ffac8210000 - 0x00007ffac822a000 	C:\Windows\SYSTEM32\dhcpcsvc.DLL
0x0000000077410000 - 0x0000000077421000 	C:\Program Files\Java\jre1.8.0_91\bin\nio.dll
0x0000000180000000 - 0x0000000180053000 	C:\Users\Michael\AppData\Local\Temp\libgdxMichael\dc0f0009\lwjgl64.dll
0x00007ffaad340000 - 0x00007ffaad468000 	C:\Windows\SYSTEM32\OPENGL32.dll
0x00007ffac5680000 - 0x00007ffac56ae000 	C:\Windows\SYSTEM32\GLU32.dll
0x00007ffab29c0000 - 0x00007ffab2ab6000 	C:\Windows\SYSTEM32\DDRAW.dll
0x00007ffabea70000 - 0x00007ffabea78000 	C:\Windows\SYSTEM32\DCIMAN32.dll
0x0000000002800000 - 0x0000000002864000 	C:\Users\Michael\AppData\Local\Temp\libgdxMichael\dc0f0009\OpenAL64.dll
0x00007ffacea80000 - 0x00007ffacebc1000 	C:\Windows\system32\ole32.dll
0x00007ffacbd10000 - 0x00007ffacbda6000 	C:\Windows\system32\uxtheme.dll
0x00007ffab2c40000 - 0x00007ffab2c86000 	C:\Program Files\ASUSTeKcomputer.Inc\nhAsusPhoebus\UserInterface\x64\nhAsusPhoebusDevProps.dll
0x00007ffab2c90000 - 0x00007ffab2cef000 	C:\Program Files\ASUSTeKcomputer.Inc\nhAsusPhoebus\UserInterface\x64\nhAsusPhoebusOSD.dll
0x00007fface640000 - 0x00007fface6e5000 	C:\Windows\system32\clbcatq.dll
0x0000000029510000 - 0x000000002957c000 	C:\Program Files (x86)\RivaTuner Statistics Server\RTSSHooks64.dll
0x0000000051cc0000 - 0x0000000051d63000 	C:\Windows\WinSxS\amd64_microsoft.vc90.crt_1fc8b3b9a1e18e3b_9.0.30729.9158_none_08e47e47a83d53d6\MSVCR90.dll
0x00007ffab2ac0000 - 0x00007ffab2aeb000 	C:\PROGRA~2\RAPTRI~1\Raptr\ltc_help64-111387.dll
0x00007ffacde40000 - 0x00007ffacde94000 	C:\Windows\system32\WINTRUST.dll
0x00007ffacd570000 - 0x00007ffacd581000 	C:\Windows\system32\MSASN1.dll
0x00007ffacd590000 - 0x00007ffacd751000 	C:\Windows\system32\CRYPT32.dll
0x00007ffac85b0000 - 0x00007ffac8622000 	C:\Windows\System32\MMDevApi.dll
0x00007ffacadc0000 - 0x00007ffacaf43000 	C:\Windows\System32\PROPSYS.dll
0x00007ffab7990000 - 0x00007ffab7a15000 	C:\Windows\SYSTEM32\AUDIOSES.DLL
0x00007ffac8e00000 - 0x00007ffac8f31000 	C:\Windows\SYSTEM32\wintypes.dll
0x00007ffab6200000 - 0x00007ffab629c000 	C:\Windows\SYSTEM32\dsound.dll
0x00007ffacac10000 - 0x00007ffacac32000 	C:\Windows\system32\dwmapi.dll
0x00007ffac5660000 - 0x00007ffac5678000 	C:\Windows\SYSTEM32\atig6pxx.dll
0x0000000074be0000 - 0x0000000076983000 	C:\Windows\SYSTEM32\atio6axx.dll
0x00007fface7b0000 - 0x00007fface975000 	C:\Windows\system32\SETUPAPI.dll
0x00007ffab3960000 - 0x00007ffab3aa8000 	C:\Windows\SYSTEM32\atiadlxx.dll
0x00007ffacbb50000 - 0x00007ffacbb63000 	C:\Windows\SYSTEM32\WTSAPI32.dll
0x00007ffac5630000 - 0x00007ffac565c000 	C:\Windows\SYSTEM32\atig6txx.dll
0x00007ffac2250000 - 0x00007ffac22e1000 	C:\Windows\SYSTEM32\mscms.dll
0x00007ffac5060000 - 0x00007ffac50a2000 	C:\Windows\SYSTEM32\icm32.dll
0x00007ffab5370000 - 0x00007ffab5580000 	C:\Windows\SYSTEM32\d3d9.dll
0x0000000066bc0000 - 0x0000000066c7b000 	C:\Users\Michael\AppData\Local\Temp\libgdxMichael\4d3c1ee0\gdx-box2d64.dll
0x00007ffacb080000 - 0x00007ffacb20a000 	C:\Windows\SYSTEM32\dbghelp.dll
0x00007ffac2140000 - 0x00007ffac2165000 	C:\Windows\SYSTEM32\dbgcore.DLL

VM Arguments:
jvm_args: -Dfile.encoding=Cp1252 
java_command: com.mygdx.game.desktop.DesktopLauncher
java_class_path (initial): C:\Users\Michael\Documents\GitHub\Breakout\Libgdx\desktop\bin;C:\Users\Michael\Documents\GitHub\Breakout\Libgdx\core\bin;C:\Users\Michael\.gradle\caches\modules-2\files-2.1\com.badlogicgames.gdx\gdx\1.9.2\e641cb91bec06bc64d9ddf7a7d7062caceec73cd\gdx-1.9.2.jar;C:\Users\Michael\.gradle\caches\modules-2\files-2.1\com.badlogicgames.gdx\gdx-box2d\1.9.2\b78eaa90aaaf7830e6dffff587ea6e859c2787b2\gdx-box2d-1.9.2.jar;C:\Users\Michael\.gradle\caches\modules-2\files-2.1\com.badlogicgames.gdx\gdx-controllers\1.9.2\d651e0d52443b1c1a943641eebc06482e29923bc\gdx-controllers-1.9.2.jar;C:\Users\Michael\.gradle\caches\modules-2\files-2.1\com.badlogicgames.gdx\gdx-ai\1.8.0\ec30677d8ab1a8b8aa4b853c5f4e4b1361f50bf5\gdx-ai-1.8.0.jar;C:\Users\Michael\.gradle\caches\modules-2\files-2.1\com.badlogicgames.ashley\ashley\1.7.0\a7c4083c0a42027a3c03ba7ccecef6cbe1c5f0a4\ashley-1.7.0.jar;C:\Users\Michael\.gradle\caches\modules-2\files-2.1\com.badlogicgames.box2dlights\box2dlights\1.4\3d77ad5b4164fb32fc67e2446e35911bb0aaf0bd\box2dlights-1.4.jar;C:\Users\Michael\.gradle\caches\modules-2\files-2.1\com.badlogicgames.gdx\gdx-backend-lwjgl\1.9.2\d710a8704ed584ec2ba9ca52e3a6a5885dd759cc\gdx-backend-lwjgl-1.9.2.jar;C:\Users\Michael\.gradle\caches\modules-2\files-2.1\com.badlogicgames.gdx\gdx-platform\1.9.2\dde4cf7e9ce61c24042f512203aed87657496639\gdx-platform-1.9.2-natives-desktop.jar;C:\Users\Michael\.gradle\caches\modules-2\files-2.1\com.badlogicgames.gdx\gdx-box2d-platform\1.9.2\497cbfbf81e7e8b1e8433b19291c5af4bbc2ec66\gdx-box2d-platform-1.9.2-natives-desktop.jar;C:\Users\Michael\.gradle\caches\modules-2\files-2.1\com.badlogicgames.gdx\gdx-tools\1.9.2\37d8e3009ae0febdf93717b21980c67c8cadac07\gdx-tools-1.9.2.jar;C:\Users\Michael\.gradle\caches\modules-2\files-2.1\com.badlogicgames.gdx\gdx-controllers-desktop\1.9.2\8023a69faf45a0da8bff25574de51cd77fcaf439\gdx-controllers-desktop-1.9.2.jar;C:\Users\Michael\.gradle\caches\modules-2\files-2.1\com.badlogicgames.gdx\gdx-controllers-
Launcher Type: SUN_STANDARD

Environment Variables:
PATH=C:/Program Files/Java/jre1.8.0_91/bin/server;C:/Program Files/Java/jre1.8.0_91/bin;C:/Program Files/Java/jre1.8.0_91/lib/amd64;C:\ProgramData\Oracle\Java\javapath;C:\Windows\system32;C:\Windows;C:\Windows\System32\Wbem;C:\Windows\System32\WindowsPowerShell\v1.0\;C:\Program Files (x86)\ATI Technologies\ATI.ACE\Core-Static;C:\Program Files (x86)\Skype\Phone\;C:\Windows\system32;
USERNAME=Michael
OS=Windows_NT
PROCESSOR_IDENTIFIER=AMD64 Family 21 Model 2 Stepping 0, AuthenticAMD



---------------  S Y S T E M  ---------------

OS: Windows 10.0 , 64 bit Build 10240 (10.0.10240.16384)

CPU:total 8 (8 cores per cpu, 1 threads per core) family 21 model 2 stepping 0, cmov, cx8, fxsr, mmx, sse, sse2, sse3, ssse3, sse4.1, sse4.2, popcnt, avx, aes, clmul, mmxext, 3dnowpref, lzcnt, sse4a, tsc, tscinvbit, tscinv, bmi1

Memory: 4k page, physical 33519856k(29104592k free), swap 38500592k(31998988k free)

vm_info: Java HotSpot(TM) 64-Bit Server VM (25.91-b14) for windows-amd64 JRE (1.8.0_91-b14), built on Apr  1 2016 00:58:32 by "java_re" with MS VC++ 10.0 (VS2010)

time: Mon Apr 25 16:54:52 2016
elapsed time: 1 seconds (0d 0h 0m 1s)

