#
# A fatal error has been detected by the Java Runtime Environment:
#
#  EXCEPTION_ACCESS_VIOLATION (0xc0000005) at pc=0x000007fe5f3b0038, pid=10104, tid=6212
#
# JRE version: Java(TM) SE Runtime Environment (8.0_91-b14) (build 1.8.0_91-b14)
# Java VM: Java HotSpot(TM) 64-Bit Server VM (25.91-b14 mixed mode windows-amd64 compressed oops)
# Problematic frame:
# C  0x000007fe5f3b0038
#
# Failed to write core dump. Minidumps are not enabled by default on client versions of Windows
#
# If you would like to submit a bug report, please visit:
#   http://bugreport.java.com/bugreport/crash.jsp
# The crash happened outside the Java Virtual Machine in native code.
# See problematic frame for where to report the bug.
#

---------------  T H R E A D  ---------------

Current thread (0x0000000028f45000):  JavaThread "LWJGL Application" [_thread_in_native, id=6212, stack(0x000000002b6b0000,0x000000002b7b0000)]

siginfo: ExceptionCode=0xc0000005, reading address 0xffffffffffffffff

Registers:
RAX=0x0000000000000000, RBX=0x000007fedf360000, RCX=0xffffffffb701007c, RDX=0x0000000000000003
RSP=0x000000002b7af088, RBP=0x000000002b7af128, RSI=0xffffffffb701007c, RDI=0x0000000000000000
R8 =0x000000002b7ac418, R9 =0x000000002b7ac5d0, R10=0x0000000000000000, R11=0x000000002b7aeb30
R12=0x0000000000000000, R13=0x0000000025397648, R14=0x000000002b7af148, R15=0x0000000028f45000
RIP=0x000007fe5f3b0038, EFLAGS=0x0000000000010202

Top of Stack: (sp=0x000000002b7af088)
0x000000002b7af088:   000007fefe329df3 000007fedf360000
0x000000002b7af098:   000007fedf39aaa0 ffffffffb701007c
0x000000002b7af0a8:   00000000027eedec 0000000000000001
0x000000002b7af0b8:   00000000026a7914 0000000025397650
0x000000002b7af0c8:   0000000716304510 0000000042ff0000
0x000000002b7af0d8:   0000000000000000 000000071634c368
0x000000002b7af0e8:   000000002b7af0e8 0000000000000000
0x000000002b7af0f8:   000000002b7af148 0000000025397f30
0x000000002b7af108:   0000000000000000 0000000025397650
0x000000002b7af118:   0000000000000000 000000002b7af148
0x000000002b7af128:   000000002b7af1a0 000000000269835d
0x000000002b7af138:   0000000716353538 00000000026a19d8
0x000000002b7af148:   0000000716304510 0000000e896ec101
0x000000002b7af158:   00000007163535d8 000000002b7af150
0x000000002b7af168:   0000000025397533 000000002b7af1e0
0x000000002b7af178:   0000000025397f30 0000000000000000 

Instructions: (pc=0x000007fe5f3b0038)
0x000007fe5f3b0018:   00 00 00 00 00 00 00 00 00 00 00 00 00 00 00 00
0x000007fe5f3b0028:   00 00 00 00 00 00 00 00 00 00 00 00 00 00 00 00
0x000007fe5f3b0038:   ff 25 00 00 00 00 30 77 e9 63 aa fe 7f 00 00 00
0x000007fe5f3b0048:   00 00 00 00 00 00 00 00 00 00 00 00 00 00 00 00 


Register to memory mapping:

RAX=0x0000000000000000 is an unknown value
RBX=0x000007fedf360000 is an unknown value
RCX=0xffffffffb701007c is an unknown value
RDX=0x0000000000000003 is an unknown value
RSP=0x000000002b7af088 is pointing into the stack for thread: 0x0000000028f45000
RBP=0x000000002b7af128 is pointing into the stack for thread: 0x0000000028f45000
RSI=0xffffffffb701007c is an unknown value
RDI=0x0000000000000000 is an unknown value
R8 =0x000000002b7ac418 is pointing into the stack for thread: 0x0000000028f45000
R9 =0x000000002b7ac5d0 is pointing into the stack for thread: 0x0000000028f45000
R10=0x0000000000000000 is an unknown value
R11=0x000000002b7aeb30 is pointing into the stack for thread: 0x0000000028f45000
R12=0x0000000000000000 is an unknown value
R13=0x0000000025397648 is pointing into metadata
R14=0x000000002b7af148 is pointing into the stack for thread: 0x0000000028f45000
R15=0x0000000028f45000 is a thread


Stack: [0x000000002b6b0000,0x000000002b7b0000],  sp=0x000000002b7af088,  free space=1020k
Native frames: (J=compiled Java code, j=interpreted, Vv=VM code, C=native code)
C  0x000007fe5f3b0038

Java frames: (J=compiled Java code, j=interpreted, Vv=VM code)
j  org.lwjgl.opengl.WindowsContextImplementation.nSwapBuffers(Ljava/nio/ByteBuffer;)V+0
j  org.lwjgl.opengl.WindowsContextImplementation.swapBuffers()V+35
j  org.lwjgl.opengl.ContextGL.swapBuffers()V+3
j  org.lwjgl.opengl.DrawableGL.swapBuffers()V+0
j  org.lwjgl.opengl.Display.swapBuffers()V+39
j  org.lwjgl.opengl.Display.update(Z)V+44
j  com.badlogic.gdx.backends.lwjgl.LwjglApplication.mainLoop()V+704
j  com.badlogic.gdx.backends.lwjgl.LwjglApplication$1.run()V+27
v  ~StubRoutines::call_stub

---------------  P R O C E S S  ---------------

Java Threads: ( => current thread )
  0x000000002915e000 JavaThread "LWJGL Timer" daemon [_thread_blocked, id=4792, stack(0x00000000346e0000,0x00000000347e0000)]
  0x0000000002098000 JavaThread "DestroyJavaVM" [_thread_blocked, id=8992, stack(0x00000000022c0000,0x00000000023c0000)]
=>0x0000000028f45000 JavaThread "LWJGL Application" [_thread_in_native, id=6212, stack(0x000000002b6b0000,0x000000002b7b0000)]
  0x0000000026a02800 JavaThread "Service Thread" daemon [_thread_blocked, id=8216, stack(0x00000000286a0000,0x00000000287a0000)]
  0x0000000026999000 JavaThread "C1 CompilerThread3" daemon [_thread_blocked, id=10100, stack(0x0000000027f70000,0x0000000028070000)]
  0x0000000026973000 JavaThread "C2 CompilerThread2" daemon [_thread_blocked, id=6468, stack(0x00000000284b0000,0x00000000285b0000)]
  0x000000002696a000 JavaThread "C2 CompilerThread1" daemon [_thread_blocked, id=9068, stack(0x00000000282a0000,0x00000000283a0000)]
  0x0000000026960800 JavaThread "C2 CompilerThread0" daemon [_thread_blocked, id=9712, stack(0x00000000280c0000,0x00000000281c0000)]
  0x000000002695f000 JavaThread "Attach Listener" daemon [_thread_blocked, id=9248, stack(0x0000000027b20000,0x0000000027c20000)]
  0x000000002695d800 JavaThread "Signal Dispatcher" daemon [_thread_blocked, id=7852, stack(0x0000000027df0000,0x0000000027ef0000)]
  0x00000000258af000 JavaThread "Finalizer" daemon [_thread_blocked, id=6856, stack(0x0000000027880000,0x0000000027980000)]
  0x00000000258a8000 JavaThread "Reference Handler" daemon [_thread_blocked, id=8168, stack(0x0000000027c40000,0x0000000027d40000)]

Other Threads:
  0x0000000026911800 VMThread [stack: 0x00000000279f0000,0x0000000027af0000] [id=6180]
  0x0000000026a21800 WatcherThread [stack: 0x0000000028960000,0x0000000028a60000] [id=7648]

VM state:not at safepoint (normal execution)

VM Mutex/Monitor currently owned by a thread: None

Heap:
 PSYoungGen      total 153088K, used 18422K [0x0000000715800000, 0x0000000720280000, 0x00000007c0000000)
  eden space 131584K, 14% used [0x0000000715800000,0x00000007169fdad8,0x000000071d880000)
  from space 21504K, 0% used [0x000000071ed80000,0x000000071ed80000,0x0000000720280000)
  to   space 21504K, 0% used [0x000000071d880000,0x000000071d880000,0x000000071ed80000)
 ParOldGen       total 349696K, used 0K [0x00000005c0800000, 0x00000005d5d80000, 0x0000000715800000)
  object space 349696K, 0% used [0x00000005c0800000,0x00000005c0800000,0x00000005d5d80000)
 Metaspace       used 7039K, capacity 7331K, committed 7424K, reserved 1056768K
  class space    used 658K, capacity 688K, committed 768K, reserved 1048576K

Card table byte_map: [0x0000000011a50000,0x0000000012a50000] byte_map_base: 0x000000000ec4c000

Marking Bits: (ParMarkBitMap*) 0x000000006fcc2f70
 Begin Bits: [0x0000000013f00000, 0x000000001bee0000)
 End Bits:   [0x000000001bee0000, 0x0000000023ec0000)

Polling page: 0x0000000000350000

CodeCache: size=245760Kb used=2664Kb max_used=2664Kb free=243095Kb
 bounds [0x0000000002690000, 0x0000000002930000, 0x0000000011690000]
 total_blobs=1108 nmethods=637 adapters=385
 compilation: enabled

Compilation events (10 events):
Event: 5.588 Thread 0x0000000026999000  633   !   3       org.lwjgl.opengl.Sync::sync (125 bytes)
Event: 5.589 Thread 0x0000000026999000 nmethod 633 0x0000000002928d10 code [0x0000000002929060, 0x000000000292a348]
Event: 5.589 Thread 0x0000000026999000  634       3       org.lwjgl.opengl.Display::wasResized (4 bytes)
Event: 5.589 Thread 0x0000000026999000 nmethod 634 0x000000000292b090 code [0x000000000292b1e0, 0x000000000292b330]
Event: 5.805 Thread 0x0000000026999000  635       3       org.lwjgl.opengl.WindowsKeyboard::isKeyDown (16 bytes)
Event: 5.805 Thread 0x0000000026999000 nmethod 635 0x000000000292b390 code [0x000000000292b500, 0x000000000292b6d0]
Event: 6.072 Thread 0x0000000026999000  636       3       com.badlogic.gdx.physics.box2d.CircleShape::getPosition (43 bytes)
Event: 6.072 Thread 0x0000000026999000 nmethod 636 0x000000000292b7d0 code [0x000000000292b940, 0x000000000292bb48]
Event: 6.222 Thread 0x0000000026999000  637       1       java.lang.ThreadLocal::getMap (5 bytes)
Event: 6.222 Thread 0x0000000026999000 nmethod 637 0x000000000292bc90 code [0x000000000292bde0, 0x000000000292bef0]

GC Heap History (0 events):
No events

Deoptimization events (0 events):
No events

Internal exceptions (10 events):
Event: 0.131 Thread 0x0000000002098000 Exception <a 'java/security/PrivilegedActionException'> (0x0000000715a17f68) thrown at [C:\re\workspace\8-2-build-windows-amd64-cygwin\jdk8u91\6644\hotspot\src\share\vm\prims\jvm.cpp, line 1386]
Event: 0.131 Thread 0x0000000002098000 Exception <a 'java/security/PrivilegedActionException'> (0x0000000715a18178) thrown at [C:\re\workspace\8-2-build-windows-amd64-cygwin\jdk8u91\6644\hotspot\src\share\vm\prims\jvm.cpp, line 1386]
Event: 0.132 Thread 0x0000000002098000 Exception <a 'java/security/PrivilegedActionException'> (0x0000000715a1bfc0) thrown at [C:\re\workspace\8-2-build-windows-amd64-cygwin\jdk8u91\6644\hotspot\src\share\vm\prims\jvm.cpp, line 1386]
Event: 0.132 Thread 0x0000000002098000 Exception <a 'java/security/PrivilegedActionException'> (0x0000000715a1c1d0) thrown at [C:\re\workspace\8-2-build-windows-amd64-cygwin\jdk8u91\6644\hotspot\src\share\vm\prims\jvm.cpp, line 1386]
Event: 0.331 Thread 0x0000000002098000 Exception <a 'java/security/PrivilegedActionException'> (0x0000000715e0c878) thrown at [C:\re\workspace\8-2-build-windows-amd64-cygwin\jdk8u91\6644\hotspot\src\share\vm\prims\jvm.cpp, line 1386]
Event: 0.331 Thread 0x0000000002098000 Exception <a 'java/security/PrivilegedActionException'> (0x0000000715e0e550) thrown at [C:\re\workspace\8-2-build-windows-amd64-cygwin\jdk8u91\6644\hotspot\src\share\vm\prims\jvm.cpp, line 1386]
Event: 0.332 Thread 0x0000000002098000 Exception <a 'java/security/PrivilegedActionException'> (0x0000000715e0f6c0) thrown at [C:\re\workspace\8-2-build-windows-amd64-cygwin\jdk8u91\6644\hotspot\src\share\vm\prims\jvm.cpp, line 1386]
Event: 0.332 Thread 0x0000000002098000 Exception <a 'java/security/PrivilegedActionException'> (0x0000000715e14828) thrown at [C:\re\workspace\8-2-build-windows-amd64-cygwin\jdk8u91\6644\hotspot\src\share\vm\prims\jvm.cpp, line 1386]
Event: 0.332 Thread 0x0000000002098000 Exception <a 'java/security/PrivilegedActionException'> (0x0000000715e15480) thrown at [C:\re\workspace\8-2-build-windows-amd64-cygwin\jdk8u91\6644\hotspot\src\share\vm\prims\jvm.cpp, line 1386]
Event: 0.332 Thread 0x0000000002098000 Exception <a 'java/security/PrivilegedActionException'> (0x0000000715e160a8) thrown at [C:\re\workspace\8-2-build-windows-amd64-cygwin\jdk8u91\6644\hotspot\src\share\vm\prims\jvm.cpp, line 1386]

Events (10 events):
Event: 1.277 loading class org/lwjgl/opengl/GLChecks done
Event: 1.292 loading class org/lwjgl/opengl/Sync
Event: 1.292 loading class org/lwjgl/opengl/Sync done
Event: 1.295 loading class org/lwjgl/opengl/Sync$RunningAvg
Event: 1.295 loading class org/lwjgl/opengl/Sync$RunningAvg done
Event: 1.296 loading class org/lwjgl/opengl/Sync$1
Event: 1.296 loading class org/lwjgl/opengl/Sync$1 done
Event: 1.298 Thread 0x000000002915e000 Thread added: 0x000000002915e000
Event: 4.183 Executing VM operation: EnableBiasedLocking
Event: 4.183 Executing VM operation: EnableBiasedLocking done


Dynamic libraries:
0x000000013fd00000 - 0x000000013fd37000 	C:\Program Files\Java\jdk1.8.0_91\bin\javaw.exe
0x0000000077500000 - 0x00000000776aa000 	C:\Windows\SYSTEM32\ntdll.dll
0x000007fef9c20000 - 0x000007fef9c53000 	C:\Program Files (x86)\AVG\Av\avghooka.dll
0x00000000772e0000 - 0x00000000773ff000 	C:\Windows\system32\kernel32.dll
0x000007fefbf70000 - 0x000007fefbfda000 	C:\Windows\system32\KERNELBASE.dll
0x000007fefc5b0000 - 0x000007fefc68b000 	C:\Windows\system32\ADVAPI32.dll
0x000007fefc4d0000 - 0x000007fefc56f000 	C:\Windows\system32\msvcrt.dll
0x000007fefc570000 - 0x000007fefc58f000 	C:\Windows\SYSTEM32\sechost.dll
0x000007fefe360000 - 0x000007fefe48d000 	C:\Windows\system32\RPCRT4.dll
0x0000000077400000 - 0x00000000774fa000 	C:\Windows\system32\USER32.dll
0x000007fefe2f0000 - 0x000007fefe357000 	C:\Windows\system32\GDI32.dll
0x000007fefdb70000 - 0x000007fefdb7e000 	C:\Windows\system32\LPK.dll
0x000007fefd510000 - 0x000007fefd5da000 	C:\Windows\system32\USP10.dll
0x000007fefa500000 - 0x000007fefa6f4000 	C:\Windows\WinSxS\amd64_microsoft.windows.common-controls_6595b64144ccf1df_6.0.7601.18837_none_fa3b1e3d17594757\COMCTL32.dll
0x000007fefc690000 - 0x000007fefc701000 	C:\Windows\system32\SHLWAPI.dll
0x000007fefc4a0000 - 0x000007fefc4ce000 	C:\Windows\system32\IMM32.DLL
0x000007fefd770000 - 0x000007fefd879000 	C:\Windows\system32\MSCTF.dll
0x0000000050b20000 - 0x0000000050bf2000 	C:\Program Files\Java\jdk1.8.0_91\jre\bin\msvcr100.dll
0x000000006f4b0000 - 0x000000006fd43000 	C:\Program Files\Java\jdk1.8.0_91\jre\bin\server\jvm.dll
0x000007fefab90000 - 0x000007fefab99000 	C:\Windows\system32\WSOCK32.dll
0x000007fefda80000 - 0x000007fefdacd000 	C:\Windows\system32\WS2_32.dll
0x000007fefc710000 - 0x000007fefc718000 	C:\Windows\system32\NSI.dll
0x000007fef8df0000 - 0x000007fef8e2b000 	C:\Windows\system32\WINMM.dll
0x000007fefaff0000 - 0x000007fefaffc000 	C:\Windows\system32\VERSION.dll
0x00000000776d0000 - 0x00000000776d7000 	C:\Windows\system32\PSAPI.DLL
0x0000000069a50000 - 0x0000000069a5f000 	C:\Program Files\Java\jdk1.8.0_91\jre\bin\verify.dll
0x00000000779d0000 - 0x00000000779f9000 	C:\Program Files\Java\jdk1.8.0_91\jre\bin\java.dll
0x0000000050a80000 - 0x0000000050a96000 	C:\Program Files\Java\jdk1.8.0_91\jre\bin\zip.dll
0x000007fefc720000 - 0x000007fefd4aa000 	C:\Windows\system32\SHELL32.dll
0x000007fefdb80000 - 0x000007fefdd83000 	C:\Windows\system32\ole32.dll
0x000007fefbf00000 - 0x000007fefbf0f000 	C:\Windows\system32\profapi.dll
0x0000000065580000 - 0x0000000065616000 	C:\Users\Hitstorm13\AppData\Local\Temp\libgdxHitstorm13\2ec99cb7\gdx64.dll
0x000007fefb740000 - 0x000007fefb758000 	C:\Windows\system32\CRYPTSP.dll
0x000007fefb440000 - 0x000007fefb487000 	C:\Windows\system32\rsaenh.dll
0x000007fefc000000 - 0x000007fefc01e000 	C:\Windows\system32\USERENV.dll
0x000007fefbda0000 - 0x000007fefbdaf000 	C:\Windows\system32\CRYPTBASE.dll
0x00000000779b0000 - 0x00000000779ca000 	C:\Program Files\Java\jdk1.8.0_91\jre\bin\net.dll
0x000007fefb6e0000 - 0x000007fefb735000 	C:\Windows\system32\mswsock.dll
0x000007fefb6d0000 - 0x000007fefb6d7000 	C:\Windows\System32\wship6.dll
0x000007fef98a0000 - 0x000007fef98c7000 	C:\Windows\system32\IPHLPAPI.DLL
0x000007fef9890000 - 0x000007fef989b000 	C:\Windows\system32\WINNSI.DLL
0x000007fef7e80000 - 0x000007fef7e98000 	C:\Windows\system32\dhcpcsvc.DLL
0x000007fef7e10000 - 0x000007fef7e21000 	C:\Windows\system32\dhcpcsvc6.DLL
0x0000000077990000 - 0x00000000779a1000 	C:\Program Files\Java\jdk1.8.0_91\jre\bin\nio.dll
0x0000000180000000 - 0x0000000180053000 	C:\Users\Hitstorm13\AppData\Local\Temp\libgdxHitstorm13\dc0f0009\lwjgl64.dll
0x000007fedf360000 - 0x000007fedf47d000 	C:\Windows\system32\OPENGL32.dll
0x000007fee8830000 - 0x000007fee885d000 	C:\Windows\system32\GLU32.dll
0x000007fee5db0000 - 0x000007fee5ea1000 	C:\Windows\system32\DDRAW.dll
0x000007feeeaf0000 - 0x000007feeeaf8000 	C:\Windows\system32\DCIMAN32.dll
0x000007fefc2c0000 - 0x000007fefc497000 	C:\Windows\system32\SETUPAPI.dll
0x000007fefbf20000 - 0x000007fefbf56000 	C:\Windows\system32\CFGMGR32.dll
0x000007fefd9a0000 - 0x000007fefda78000 	C:\Windows\system32\OLEAUT32.dll
0x000007fefc020000 - 0x000007fefc03a000 	C:\Windows\system32\DEVOBJ.dll
0x000007fefaf80000 - 0x000007fefaf98000 	C:\Windows\system32\dwmapi.dll
0x0000000027980000 - 0x00000000279e4000 	C:\Users\HITSTO~1\AppData\Local\Temp\libgdxHitstorm13\dc0f0009\OpenAL64.dll
0x000007fefa4a0000 - 0x000007fefa4f6000 	C:\Windows\system32\uxtheme.dll
0x0000000027d40000 - 0x0000000027dac000 	C:\Program Files (x86)\RivaTuner Statistics Server\RTSSHooks64.dll
0x0000000059080000 - 0x0000000059123000 	C:\Windows\WinSxS\amd64_microsoft.vc90.crt_1fc8b3b9a1e18e3b_9.0.30729.6161_none_08e61857a83bc251\MSVCR90.dll
0x000007feeeac0000 - 0x000007feeeaeb000 	C:\PROGRA~2\RAPTRI~1\Raptr\ltc_help64-112298.dll
0x000007fefc1e0000 - 0x000007fefc21b000 	C:\Windows\system32\WINTRUST.dll
0x000007fefc050000 - 0x000007fefc1bd000 	C:\Windows\system32\CRYPT32.dll
0x000007fefbf10000 - 0x000007fefbf1f000 	C:\Windows\system32\MSASN1.dll
0x000007fefdad0000 - 0x000007fefdb69000 	C:\Windows\system32\CLBCatQ.DLL
0x000007fefabb0000 - 0x000007fefacdc000 	C:\Windows\System32\PROPSYS.dll
0x000007fef3590000 - 0x000007fef3618000 	C:\Windows\system32\dsound.dll
0x000007fefafa0000 - 0x000007fefafcc000 	C:\Windows\system32\POWRPROF.dll
0x000007feface0000 - 0x000007fefad2b000 	C:\Windows\System32\MMDevApi.dll
0x000007fef50c0000 - 0x000007fef510f000 	C:\Windows\system32\AUDIOSES.DLL
0x000007fef2350000 - 0x000007fef2368000 	C:\Windows\system32\atig6pxx.dll
0x000000002c300000 - 0x000000002e0a3000 	C:\Windows\system32\atio6axx.dll
0x000007feeeff0000 - 0x000007feef138000 	C:\Windows\system32\atiadlxx.dll
0x000007fefafd0000 - 0x000007fefafe1000 	C:\Windows\system32\WTSAPI32.dll
0x000007fee5d50000 - 0x000007fee5d7c000 	C:\Windows\system32\atig6txx.dll
0x000007fee4780000 - 0x000007fee481c000 	C:\Windows\system32\mscms.dll
0x000007fee4730000 - 0x000007fee4772000 	C:\Windows\system32\icm32.dll
0x0000000066bc0000 - 0x0000000066c7b000 	C:\Users\Hitstorm13\AppData\Local\Temp\libgdxHitstorm13\4d3c1ee0\gdx-box2d64.dll
0x000007fefc590000 - 0x000007fefc5a9000 	C:\Windows\system32\imagehlp.dll
0x000007fefb8c0000 - 0x000007fefb910000 	C:\Windows\system32\ncrypt.dll
0x000007fefb890000 - 0x000007fefb8b2000 	C:\Windows\system32\bcrypt.dll
0x000007fefb380000 - 0x000007fefb3cc000 	C:\Windows\system32\bcryptprimitives.dll
0x000007fefb1b0000 - 0x000007fefb1cb000 	C:\Windows\system32\GPAPI.dll
0x000007fef5110000 - 0x000007fef5137000 	C:\Windows\system32\cryptnet.dll
0x000007fefd4b0000 - 0x000007fefd502000 	C:\Windows\system32\WLDAP32.dll
0x000007fef9c80000 - 0x000007fef9c89000 	C:\Windows\system32\SensApi.dll
0x000007fedea20000 - 0x000007fedec4b000 	C:\PROGRA~2\RAPTRI~1\Raptr\ltc_game64-112298.dll
0x000007fef1220000 - 0x000007fef1345000 	C:\Windows\system32\dbghelp.dll

VM Arguments:
jvm_args: -Dfile.encoding=Cp1252 
java_command: com.mygdx.game.desktop.DesktopLauncher
java_class_path (initial): C:\Users\Hitstorm13\Documents\GitHub\Breakout\Libgdx\desktop\bin;C:\Users\Hitstorm13\Documents\GitHub\Breakout\Libgdx\core\bin;C:\Users\Hitstorm13\.gradle\caches\modules-2\files-2.1\com.badlogicgames.gdx\gdx\1.9.2\e641cb91bec06bc64d9ddf7a7d7062caceec73cd\gdx-1.9.2.jar;C:\Users\Hitstorm13\.gradle\caches\modules-2\files-2.1\com.badlogicgames.gdx\gdx-box2d\1.9.2\b78eaa90aaaf7830e6dffff587ea6e859c2787b2\gdx-box2d-1.9.2.jar;C:\Users\Hitstorm13\.gradle\caches\modules-2\files-2.1\com.badlogicgames.gdx\gdx-controllers\1.9.2\d651e0d52443b1c1a943641eebc06482e29923bc\gdx-controllers-1.9.2.jar;C:\Users\Hitstorm13\.gradle\caches\modules-2\files-2.1\com.badlogicgames.gdx\gdx-ai\1.8.0\ec30677d8ab1a8b8aa4b853c5f4e4b1361f50bf5\gdx-ai-1.8.0.jar;C:\Users\Hitstorm13\.gradle\caches\modules-2\files-2.1\com.badlogicgames.ashley\ashley\1.7.0\a7c4083c0a42027a3c03ba7ccecef6cbe1c5f0a4\ashley-1.7.0.jar;C:\Users\Hitstorm13\.gradle\caches\modules-2\files-2.1\com.badlogicgames.box2dlights\box2dlights\1.4\3d77ad5b4164fb32fc67e2446e35911bb0aaf0bd\box2dlights-1.4.jar;C:\Users\Hitstorm13\.gradle\caches\modules-2\files-2.1\com.badlogicgames.gdx\gdx-backend-lwjgl\1.9.2\d710a8704ed584ec2ba9ca52e3a6a5885dd759cc\gdx-backend-lwjgl-1.9.2.jar;C:\Users\Hitstorm13\.gradle\caches\modules-2\files-2.1\com.badlogicgames.gdx\gdx-platform\1.9.2\dde4cf7e9ce61c24042f512203aed87657496639\gdx-platform-1.9.2-natives-desktop.jar;C:\Users\Hitstorm13\.gradle\caches\modules-2\files-2.1\com.badlogicgames.gdx\gdx-box2d-platform\1.9.2\497cbfbf81e7e8b1e8433b19291c5af4bbc2ec66\gdx-box2d-platform-1.9.2-natives-desktop.jar;C:\Users\Hitstorm13\.gradle\caches\modules-2\files-2.1\com.badlogicgames.gdx\gdx-controllers-desktop\1.9.2\8023a69faf45a0da8bff25574de51cd77fcaf439\gdx-controllers-desktop-1.9.2.jar;C:\Users\Hitstorm13\.gradle\caches\modules-2\files-2.1\com.badlogicgames.gdx\gdx-controllers-platform\1.9.2\4a6f5830422d93e1bd00f02a73ac3e2fbbcbd5f3\gdx-controllers-platform-1.9.2-natives-desktop.jar;C:\Us
Launcher Type: SUN_STANDARD

Environment Variables:
PATH=C:/Program Files/Java/jdk1.8.0_91/jre/bin/server;C:/Program Files/Java/jdk1.8.0_91/jre/bin;C:/Program Files/Java/jdk1.8.0_91/jre/lib/amd64;C:\ProgramData\Oracle\Java\javapath;C:\Windows\system32;C:\Windows;C:\Windows\System32\Wbem;C:\Windows\System32\WindowsPowerShell\v1.0\;C:\Program Files (x86)\Skype\Phone\;C:\Windows\System32\WindowsPowerShell\v1.0\;C:\Windows\System32\WindowsPowerShell\v1.0\;C:\Windows\system32;
USERNAME=Hitstorm13
OS=Windows_NT
PROCESSOR_IDENTIFIER=AMD64 Family 21 Model 2 Stepping 0, AuthenticAMD



---------------  S Y S T E M  ---------------

OS: Windows 7 , 64 bit Build 7601 (6.1.7601.23392)

CPU:total 8 (8 cores per cpu, 1 threads per core) family 21 model 2 stepping 0, cmov, cx8, fxsr, mmx, sse, sse2, sse3, ssse3, sse4.1, sse4.2, popcnt, avx, aes, clmul, mmxext, 3dnowpref, lzcnt, sse4a, tsc, tscinvbit, tscinv, bmi1

Memory: 4k page, physical 33518556k(26861144k free), swap 67035256k(58414856k free)

vm_info: Java HotSpot(TM) 64-Bit Server VM (25.91-b14) for windows-amd64 JRE (1.8.0_91-b14), built on Apr  1 2016 00:58:32 by "java_re" with MS VC++ 10.0 (VS2010)

time: Tue May 03 22:36:03 2016
elapsed time: 6 seconds (0d 0h 0m 6s)

