#
# A fatal error has been detected by the Java Runtime Environment:
#
#  EXCEPTION_ACCESS_VIOLATION (0xc0000005) at pc=0x0000007ffe6f03e9, pid=6316, tid=11208
#
# JRE version: Java(TM) SE Runtime Environment (8.0_77-b03) (build 1.8.0_77-b03)
# Java VM: Java HotSpot(TM) 64-Bit Server VM (25.77-b03 mixed mode windows-amd64 compressed oops)
# Problematic frame:
# C  0x0000007ffe6f03e9
#
# Failed to write core dump. Minidumps are not enabled by default on client versions of Windows
#
# If you would like to submit a bug report, please visit:
#   http://bugreport.java.com/bugreport/crash.jsp
# The crash happened outside the Java Virtual Machine in native code.
# See problematic frame for where to report the bug.
#

---------------  T H R E A D  ---------------

Current thread (0x0000000028ff6000):  JavaThread "LWJGL Application" [_thread_in_native, id=11208, stack(0x000000002c290000,0x000000002c390000)]

siginfo: ExceptionCode=0xc0000005, ExceptionInformation=0x0000000000000008 0x0000007ffe6f03e9

Registers:
RAX=0x0000000000000000, RBX=0x0000000000000000, RCX=0xffffffff8e011792, RDX=0x0000000000000003
RSP=0x000000002c38ed88, RBP=0x000000002c38ee28, RSI=0xffffffff8e011792, RDI=0x00007ff99038c950
R8 =0x000000002c38be28, R9 =0x000000002c38c170, R10=0x000000002c38c8f0, R11=0x000000002c38e830
R12=0x0000000000000000, R13=0x0000000025987648, R14=0x000000002c38ee48, R15=0x0000000028ff6000
RIP=0x0000007ffe6f03e9, EFLAGS=0x0000000000010202

Top of Stack: (sp=0x000000002c38ed88)
0x000000002c38ed88:   00007ff9be3f8f7b 0000000025987650
0x000000002c38ed98:   000000002c38eea0 0000000028ff6000
0x000000002c38eda8:   0000000028ff6000 0000000000000001
0x000000002c38edb8:   0000000002df57f4 0000000025987650
0x000000002c38edc8:   00007ff990350000 0000000716302e78
0x000000002c38edd8:   0000000000000000 0000000028ff6830
0x000000002c38ede8:   000000002c38ede8 0000000000000000
0x000000002c38edf8:   000000002c38ee48 0000000025987f30
0x000000002c38ee08:   0000000000000000 0000000025987650
0x000000002c38ee18:   0000000000000000 000000002c38ee48
0x000000002c38ee28:   000000002c38eea0 0000000002de7ced
0x000000002c38ee38:   0000000716351378 0000000002def978
0x000000002c38ee48:   0000000716302e78 0000000000000003
0x000000002c38ee58:   0000000716351418 000000002c38ee50
0x000000002c38ee68:   0000000025987533 000000002c38eee0
0x000000002c38ee78:   0000000025987f30 0000000000000000 

Instructions: (pc=0x0000007ffe6f03e9)
0x0000007ffe6f03c9:   
[error occurred during error reporting (printing registers, top of stack, instructions near pc), id 0xc0000005]

Register to memory mapping:

RAX=0x0000000000000000 is an unknown value
RBX=0x0000000000000000 is an unknown value
RCX=0xffffffff8e011792 is an unknown value
RDX=0x0000000000000003 is an unknown value
RSP=0x000000002c38ed88 is pointing into the stack for thread: 0x0000000028ff6000
RBP=0x000000002c38ee28 is pointing into the stack for thread: 0x0000000028ff6000
RSI=0xffffffff8e011792 is an unknown value
RDI=0x00007ff99038c950 is an unknown value
R8 =0x000000002c38be28 is pointing into the stack for thread: 0x0000000028ff6000
R9 =0x000000002c38c170 is pointing into the stack for thread: 0x0000000028ff6000
R10=0x000000002c38c8f0 is pointing into the stack for thread: 0x0000000028ff6000
R11=0x000000002c38e830 is pointing into the stack for thread: 0x0000000028ff6000
R12=0x0000000000000000 is an unknown value
R13=0x0000000025987648 is pointing into metadata
R14=0x000000002c38ee48 is pointing into the stack for thread: 0x0000000028ff6000
R15=0x0000000028ff6000 is a thread


Stack: [0x000000002c290000,0x000000002c390000],  sp=0x000000002c38ed88,  free space=1019k
Native frames: (J=compiled Java code, j=interpreted, Vv=VM code, C=native code)
C  0x0000007ffe6f03e9

Java frames: (J=compiled Java code, j=interpreted, Vv=VM code)
j  org.lwjgl.opengl.WindowsContextImplementation.nSwapBuffers(Ljava/nio/ByteBuffer;)V+0
j  org.lwjgl.opengl.WindowsContextImplementation.swapBuffers()V+35
j  org.lwjgl.opengl.ContextGL.swapBuffers()V+3
j  org.lwjgl.opengl.DrawableGL.swapBuffers()V+0
j  org.lwjgl.opengl.Display.swapBuffers()V+39
j  org.lwjgl.opengl.Display.update(Z)V+44
j  com.badlogic.gdx.backends.lwjgl.LwjglApplication.mainLoop()V+704
j  com.badlogic.gdx.backends.lwjgl.LwjglApplication$1.run()V+27
v  ~StubRoutines::call_stub

---------------  P R O C E S S  ---------------

Java Threads: ( => current thread )
  0x0000000029184800 JavaThread "LWJGL Timer" daemon [_thread_blocked, id=9268, stack(0x00000000335f0000,0x00000000336f0000)]
  0x0000000002ce2800 JavaThread "DestroyJavaVM" [_thread_blocked, id=3228, stack(0x0000000002bc0000,0x0000000002cc0000)]
=>0x0000000028ff6000 JavaThread "LWJGL Application" [_thread_in_native, id=11208, stack(0x000000002c290000,0x000000002c390000)]
  0x0000000027e38000 JavaThread "Service Thread" daemon [_thread_blocked, id=9328, stack(0x0000000028960000,0x0000000028a60000)]
  0x0000000027daa000 JavaThread "C1 CompilerThread3" daemon [_thread_blocked, id=3588, stack(0x0000000028860000,0x0000000028960000)]
  0x0000000027da1800 JavaThread "C2 CompilerThread2" daemon [_thread_blocked, id=3284, stack(0x0000000028760000,0x0000000028860000)]
  0x0000000027d9d800 JavaThread "C2 CompilerThread1" daemon [_thread_blocked, id=11016, stack(0x0000000028660000,0x0000000028760000)]
  0x0000000027d9a000 JavaThread "C2 CompilerThread0" daemon [_thread_blocked, id=3300, stack(0x0000000028560000,0x0000000028660000)]
  0x0000000027d99000 JavaThread "Attach Listener" daemon [_thread_blocked, id=9596, stack(0x0000000028460000,0x0000000028560000)]
  0x0000000027d98000 JavaThread "Signal Dispatcher" daemon [_thread_blocked, id=3420, stack(0x0000000028360000,0x0000000028460000)]
  0x0000000025ea2800 JavaThread "Finalizer" daemon [_thread_blocked, id=11864, stack(0x0000000028170000,0x0000000028270000)]
  0x0000000002dd9000 JavaThread "Reference Handler" daemon [_thread_blocked, id=6220, stack(0x0000000027c70000,0x0000000027d70000)]

Other Threads:
  0x0000000025e99000 VMThread [stack: 0x0000000027b70000,0x0000000027c70000] [id=6836]
  0x0000000027e55000 WatcherThread [stack: 0x0000000028a60000,0x0000000028b60000] [id=6972]

VM state:not at safepoint (normal execution)

VM Mutex/Monitor currently owned by a thread: None

Heap:
 PSYoungGen      total 153088K, used 18422K [0x0000000715800000, 0x0000000720280000, 0x00000007c0000000)
  eden space 131584K, 14% used [0x0000000715800000,0x00000007169fd8c0,0x000000071d880000)
  from space 21504K, 0% used [0x000000071ed80000,0x000000071ed80000,0x0000000720280000)
  to   space 21504K, 0% used [0x000000071d880000,0x000000071d880000,0x000000071ed80000)
 ParOldGen       total 349696K, used 0K [0x00000005c0800000, 0x00000005d5d80000, 0x0000000715800000)
  object space 349696K, 0% used [0x00000005c0800000,0x00000005c0800000,0x00000005d5d80000)
 Metaspace       used 6636K, capacity 7043K, committed 7168K, reserved 1056768K
  class space    used 622K, capacity 656K, committed 768K, reserved 1048576K

Card table byte_map: [0x00000000121a0000,0x00000000131a0000] byte_map_base: 0x000000000f39c000

Marking Bits: (ParMarkBitMap*) 0x0000000054140600
 Begin Bits: [0x0000000014450000, 0x000000001c430000)
 End Bits:   [0x000000001c430000, 0x0000000024410000)

Polling page: 0x0000000002b80000

CodeCache: size=245760Kb used=2537Kb max_used=2537Kb free=243222Kb
 bounds [0x0000000002de0000, 0x0000000003060000, 0x0000000011de0000]
 total_blobs=1079 nmethods=608 adapters=385
 compilation: enabled

Compilation events (10 events):
Event: 5.828 Thread 0x0000000027daa000  604       3       org.lwjgl.opengl.WindowsDisplayPeerInfo::doLockAndInitHandle (1 bytes)
Event: 5.828 Thread 0x0000000027daa000 nmethod 604 0x0000000003059610 code [0x0000000003059760, 0x00000000030598b0]
Event: 5.838 Thread 0x0000000027daa000  605  s    3       org.lwjgl.opengl.PeerInfo::unlock (88 bytes)
Event: 5.839 Thread 0x0000000027daa000 nmethod 605 0x0000000003059950 code [0x0000000003059ba0, 0x000000000305aa98]
Event: 5.839 Thread 0x0000000027daa000  606       3       org.lwjgl.opengl.WindowsDisplayPeerInfo::doUnlock (1 bytes)
Event: 5.839 Thread 0x0000000027daa000 nmethod 606 0x000000000305b110 code [0x000000000305b260, 0x000000000305b3b0]
Event: 5.841 Thread 0x0000000027daa000  607       3       org.lwjgl.BufferChecks::checkDirect (24 bytes)
Event: 5.842 Thread 0x0000000027daa000 nmethod 607 0x000000000305b450 code [0x000000000305b5e0, 0x000000000305b8d8]
Event: 5.842 Thread 0x0000000027daa000  608       3       org.lwjgl.MemoryUtil::getAddress (9 bytes)
Event: 5.842 Thread 0x0000000027daa000 nmethod 608 0x000000000305b9d0 code [0x000000000305bb40, 0x000000000305be50]

GC Heap History (0 events):
No events

Deoptimization events (0 events):
No events

Internal exceptions (10 events):
Event: 0.163 Thread 0x0000000002ce2800 Exception <a 'java/security/PrivilegedActionException'> (0x0000000715a13688) thrown at [D:\re\workspace\8-2-build-windows-amd64-cygwin\jdk8u77\6540\hotspot\src\share\vm\prims\jvm.cpp, line 1386]
Event: 0.163 Thread 0x0000000002ce2800 Exception <a 'java/security/PrivilegedActionException'> (0x0000000715a13898) thrown at [D:\re\workspace\8-2-build-windows-amd64-cygwin\jdk8u77\6540\hotspot\src\share\vm\prims\jvm.cpp, line 1386]
Event: 0.164 Thread 0x0000000002ce2800 Exception <a 'java/security/PrivilegedActionException'> (0x0000000715a17440) thrown at [D:\re\workspace\8-2-build-windows-amd64-cygwin\jdk8u77\6540\hotspot\src\share\vm\prims\jvm.cpp, line 1386]
Event: 0.164 Thread 0x0000000002ce2800 Exception <a 'java/security/PrivilegedActionException'> (0x0000000715a17650) thrown at [D:\re\workspace\8-2-build-windows-amd64-cygwin\jdk8u77\6540\hotspot\src\share\vm\prims\jvm.cpp, line 1386]
Event: 0.308 Thread 0x0000000002ce2800 Exception <a 'java/security/PrivilegedActionException'> (0x0000000715e3bd98) thrown at [D:\re\workspace\8-2-build-windows-amd64-cygwin\jdk8u77\6540\hotspot\src\share\vm\prims\jvm.cpp, line 1386]
Event: 0.308 Thread 0x0000000002ce2800 Exception <a 'java/security/PrivilegedActionException'> (0x0000000715e3da70) thrown at [D:\re\workspace\8-2-build-windows-amd64-cygwin\jdk8u77\6540\hotspot\src\share\vm\prims\jvm.cpp, line 1386]
Event: 0.308 Thread 0x0000000002ce2800 Exception <a 'java/security/PrivilegedActionException'> (0x0000000715e3ebe0) thrown at [D:\re\workspace\8-2-build-windows-amd64-cygwin\jdk8u77\6540\hotspot\src\share\vm\prims\jvm.cpp, line 1386]
Event: 0.309 Thread 0x0000000002ce2800 Exception <a 'java/security/PrivilegedActionException'> (0x0000000715e43d48) thrown at [D:\re\workspace\8-2-build-windows-amd64-cygwin\jdk8u77\6540\hotspot\src\share\vm\prims\jvm.cpp, line 1386]
Event: 0.309 Thread 0x0000000002ce2800 Exception <a 'java/security/PrivilegedActionException'> (0x0000000715e449a0) thrown at [D:\re\workspace\8-2-build-windows-amd64-cygwin\jdk8u77\6540\hotspot\src\share\vm\prims\jvm.cpp, line 1386]
Event: 0.309 Thread 0x0000000002ce2800 Exception <a 'java/security/PrivilegedActionException'> (0x0000000715e455c8) thrown at [D:\re\workspace\8-2-build-windows-amd64-cygwin\jdk8u77\6540\hotspot\src\share\vm\prims\jvm.cpp, line 1386]

Events (10 events):
Event: 1.656 loading class org/lwjgl/opengl/Sync$1 done
Event: 1.657 Thread 0x0000000029184800 Thread added: 0x0000000029184800
Event: 1.923 loading class com/badlogic/gdx/backends/lwjgl/LwjglInput$TouchEvent
Event: 1.923 loading class com/badlogic/gdx/backends/lwjgl/LwjglInput$TouchEvent done
Event: 1.924 loading class com/badlogic/gdx/utils/Pool$Poolable
Event: 1.924 loading class com/badlogic/gdx/utils/Pool$Poolable done
Event: 2.773 Thread 0x0000000028ff6000 DEOPT PACKING pc=0x000000000301937f sp=0x000000002c38eed0
Event: 2.773 Thread 0x0000000028ff6000 DEOPT UNPACKING pc=0x0000000002e2747f sp=0x000000002c38ece0 mode 0
Event: 4.166 Executing VM operation: EnableBiasedLocking
Event: 4.167 Executing VM operation: EnableBiasedLocking done


Dynamic libraries:
0x00007ff7839d0000 - 0x00007ff783a07000 	C:\Program Files\Java\jre1.8.0_77\bin\javaw.exe
0x00007ff9c09a0000 - 0x00007ff9c0b62000 	C:\Windows\SYSTEM32\ntdll.dll
0x00007ff9be0a0000 - 0x00007ff9be14d000 	C:\Windows\system32\KERNEL32.DLL
0x00007ff9bde50000 - 0x00007ff9be02d000 	C:\Windows\system32\KERNELBASE.dll
0x0000000056980000 - 0x0000000056a31000 	C:\Program Files\Bitdefender\Antivirus Free Edition\avc3\avc3_sig_355\avcuf64.dll
0x00007ff9c01b0000 - 0x00007ff9c0256000 	C:\Windows\system32\ADVAPI32.dll
0x00007ff9bfd30000 - 0x00007ff9bfdcd000 	C:\Windows\system32\msvcrt.dll
0x00007ff9c0260000 - 0x00007ff9c02bb000 	C:\Windows\system32\sechost.dll
0x00007ff9bfc00000 - 0x00007ff9bfd26000 	C:\Windows\system32\RPCRT4.dll
0x00007ff9bff00000 - 0x00007ff9c004e000 	C:\Windows\system32\USER32.dll
0x00007ff9be370000 - 0x00007ff9be4f6000 	C:\Windows\system32\GDI32.dll
0x00007ff9b26e0000 - 0x00007ff9b2954000 	C:\Windows\WinSxS\amd64_microsoft.windows.common-controls_6595b64144ccf1df_6.0.10240.16384_none_f41f7b285750ef43\COMCTL32.dll
0x00007ff9be150000 - 0x00007ff9be186000 	C:\Windows\system32\IMM32.DLL
0x00007ff9c0050000 - 0x00007ff9c01ac000 	C:\Windows\system32\MSCTF.dll
0x00000000568a0000 - 0x0000000056972000 	C:\Program Files\Java\jre1.8.0_77\bin\msvcr100.dll
0x0000000053930000 - 0x00000000541c0000 	C:\Program Files\Java\jre1.8.0_77\bin\server\jvm.dll
0x00007ff9be030000 - 0x00007ff9be038000 	C:\Windows\system32\PSAPI.DLL
0x00007ff9b7070000 - 0x00007ff9b7079000 	C:\Windows\SYSTEM32\WSOCK32.dll
0x00007ff9bfe90000 - 0x00007ff9bfef9000 	C:\Windows\system32\WS2_32.dll
0x00007ff9be360000 - 0x00007ff9be368000 	C:\Windows\system32\NSI.dll
0x00007ff9bb510000 - 0x00007ff9bb533000 	C:\Windows\SYSTEM32\WINMM.dll
0x00007ff9bb200000 - 0x00007ff9bb20a000 	C:\Windows\SYSTEM32\VERSION.dll
0x00007ff9bb4b0000 - 0x00007ff9bb4dc000 	C:\Windows\SYSTEM32\WINMMBASE.dll
0x00007ff9bd4e0000 - 0x00007ff9bd524000 	C:\Windows\system32\cfgmgr32.dll
0x00007ff9bbd00000 - 0x00007ff9bbd27000 	C:\Windows\SYSTEM32\DEVOBJ.dll
0x0000000056890000 - 0x000000005689f000 	C:\Program Files\Java\jre1.8.0_77\bin\verify.dll
0x0000000056860000 - 0x0000000056889000 	C:\Program Files\Java\jre1.8.0_77\bin\java.dll
0x0000000056840000 - 0x0000000056856000 	C:\Program Files\Java\jre1.8.0_77\bin\zip.dll
0x00007ff9be500000 - 0x00007ff9bfa68000 	C:\Windows\system32\SHELL32.dll
0x00007ff9bd530000 - 0x00007ff9bdb58000 	C:\Windows\system32\windows.storage.dll
0x00007ff9c0720000 - 0x00007ff9c099c000 	C:\Windows\system32\combase.dll
0x00007ff9bfa70000 - 0x00007ff9bfac1000 	C:\Windows\system32\shlwapi.dll
0x00007ff9bd3b0000 - 0x00007ff9bd3bf000 	C:\Windows\system32\kernel.appcore.dll
0x00007ff9bdb60000 - 0x00007ff9bdc13000 	C:\Windows\system32\shcore.dll
0x00007ff9bd3c0000 - 0x00007ff9bd40a000 	C:\Windows\system32\powrprof.dll
0x00007ff9bd390000 - 0x00007ff9bd3a3000 	C:\Windows\system32\profapi.dll
0x00007ff9bfdd0000 - 0x00007ff9bfe8e000 	C:\Windows\system32\OLEAUT32.dll
0x0000000065580000 - 0x0000000065616000 	C:\Users\Michael\AppData\Local\Temp\libgdxMichael\2ec99cb7\gdx64.dll
0x00007ff9bcc80000 - 0x00007ff9bcc97000 	C:\Windows\SYSTEM32\CRYPTSP.dll
0x00007ff9bced0000 - 0x00007ff9bcef8000 	C:\Windows\SYSTEM32\bcrypt.dll
0x00007ff9bc8a0000 - 0x00007ff9bc8d3000 	C:\Windows\system32\rsaenh.dll
0x00007ff9bcc60000 - 0x00007ff9bcc7f000 	C:\Windows\SYSTEM32\USERENV.dll
0x00007ff9bd1e0000 - 0x00007ff9bd24b000 	C:\Windows\system32\bcryptprimitives.dll
0x00007ff9bce20000 - 0x00007ff9bce2b000 	C:\Windows\SYSTEM32\CRYPTBASE.dll
0x00000000567d0000 - 0x00000000567ea000 	C:\Program Files\Java\jre1.8.0_77\bin\net.dll
0x00007ff9bcbc0000 - 0x00007ff9bcc1d000 	C:\Windows\system32\mswsock.dll
0x00007ff9b9a80000 - 0x00007ff9b9ab8000 	C:\Windows\SYSTEM32\IPHLPAPI.DLL
0x00007ff9b99b0000 - 0x00007ff9b99bb000 	C:\Windows\SYSTEM32\WINNSI.DLL
0x00007ff9b8110000 - 0x00007ff9b8126000 	C:\Windows\SYSTEM32\dhcpcsvc6.DLL
0x00007ff9b80f0000 - 0x00007ff9b810a000 	C:\Windows\SYSTEM32\dhcpcsvc.DLL
0x00000000567b0000 - 0x00000000567c1000 	C:\Program Files\Java\jre1.8.0_77\bin\nio.dll
0x0000000180000000 - 0x0000000180053000 	C:\Users\Michael\AppData\Local\Temp\libgdxMichael\dc0f0009\lwjgl64.dll
0x00007ff990350000 - 0x00007ff990478000 	C:\Windows\SYSTEM32\OPENGL32.dll
0x00007ff9a2cb0000 - 0x00007ff9a2cde000 	C:\Windows\SYSTEM32\GLU32.dll
0x00007ff9a3100000 - 0x00007ff9a31f6000 	C:\Windows\SYSTEM32\DDRAW.dll
0x00007ff9b70b0000 - 0x00007ff9b70b8000 	C:\Windows\SYSTEM32\DCIMAN32.dll
0x00000000296f0000 - 0x0000000029754000 	C:\Users\Michael\AppData\Local\Temp\libgdxMichael\dc0f0009\OpenAL64.dll
0x00007ff9c05d0000 - 0x00007ff9c0711000 	C:\Windows\system32\ole32.dll
0x00007ff9bbc60000 - 0x00007ff9bbcf6000 	C:\Windows\system32\uxtheme.dll
0x00007ff9a70a0000 - 0x00007ff9a70e6000 	C:\Program Files\ASUSTeKcomputer.Inc\nhAsusPhoebus\UserInterface\x64\nhAsusPhoebusDevProps.dll
0x00007ff9b70c0000 - 0x00007ff9b711f000 	C:\Program Files\ASUSTeKcomputer.Inc\nhAsusPhoebus\UserInterface\x64\nhAsusPhoebusOSD.dll
0x00007ff9bfb50000 - 0x00007ff9bfbf5000 	C:\Windows\system32\clbcatq.dll
0x0000000029910000 - 0x000000002997c000 	C:\Program Files (x86)\RivaTuner Statistics Server\RTSSHooks64.dll
0x0000000056a60000 - 0x0000000056b03000 	C:\Windows\WinSxS\amd64_microsoft.vc90.crt_1fc8b3b9a1e18e3b_9.0.30729.9158_none_08e47e47a83d53d6\MSVCR90.dll
0x00007ff9b1070000 - 0x00007ff9b109b000 	C:\PROGRA~2\RAPTRI~1\Raptr\ltc_help64-111387.dll
0x00007ff9bddf0000 - 0x00007ff9bde44000 	C:\Windows\system32\WINTRUST.dll
0x00007ff9bd410000 - 0x00007ff9bd421000 	C:\Windows\system32\MSASN1.dll
0x00007ff9bdc20000 - 0x00007ff9bdde1000 	C:\Windows\system32\CRYPT32.dll
0x00007ff9b84f0000 - 0x00007ff9b8562000 	C:\Windows\System32\MMDevApi.dll
0x00007ff9baba0000 - 0x00007ff9bad23000 	C:\Windows\System32\PROPSYS.dll
0x00007ff9a7330000 - 0x00007ff9a73b5000 	C:\Windows\SYSTEM32\AUDIOSES.DLL
0x00007ff9b9e90000 - 0x00007ff9b9fc1000 	C:\Windows\SYSTEM32\wintypes.dll
0x00007ff9b6d80000 - 0x00007ff9b6e1c000 	C:\Windows\SYSTEM32\dsound.dll
0x00007ff9bb0f0000 - 0x00007ff9bb112000 	C:\Windows\system32\dwmapi.dll
0x00007ff9a6940000 - 0x00007ff9a6958000 	C:\Windows\SYSTEM32\atig6pxx.dll
0x0000000051900000 - 0x00000000536a3000 	C:\Windows\SYSTEM32\atio6axx.dll
0x00007ff9be190000 - 0x00007ff9be355000 	C:\Windows\system32\SETUPAPI.dll
0x00007ff9a3290000 - 0x00007ff9a33d8000 	C:\Windows\SYSTEM32\atiadlxx.dll
0x00007ff9bb210000 - 0x00007ff9bb223000 	C:\Windows\SYSTEM32\WTSAPI32.dll
0x00007ff9986e0000 - 0x00007ff99870c000 	C:\Windows\SYSTEM32\atig6txx.dll
0x00007ff9b12a0000 - 0x00007ff9b1331000 	C:\Windows\SYSTEM32\mscms.dll
0x00007ff998310000 - 0x00007ff998352000 	C:\Windows\SYSTEM32\icm32.dll
0x00007ff9a38c0000 - 0x00007ff9a3ad0000 	C:\Windows\SYSTEM32\d3d9.dll
0x0000000066bc0000 - 0x0000000066c7b000 	C:\Users\Michael\AppData\Local\Temp\libgdxMichael\4d3c1ee0\gdx-box2d64.dll
0x00007ff9c02c0000 - 0x00007ff9c02dc000 	C:\Windows\system32\imagehlp.dll
0x00007ff9bc2b0000 - 0x00007ff9bc2d3000 	C:\Windows\SYSTEM32\gpapi.dll
0x00007ff9aed70000 - 0x00007ff9aed9f000 	C:\Windows\System32\cryptnet.dll
0x00007ff9c02e0000 - 0x00007ff9c033b000 	C:\Windows\system32\WLDAP32.dll
0x00007ff98df50000 - 0x00007ff98e177000 	C:\PROGRA~2\RAPTRI~1\Raptr\ltc_game64-111387.dll
0x00007ff9ba590000 - 0x00007ff9ba71a000 	C:\Windows\SYSTEM32\dbghelp.dll
0x00007ff9b69c0000 - 0x00007ff9b69e5000 	C:\Windows\SYSTEM32\dbgcore.DLL

VM Arguments:
jvm_args: -Dfile.encoding=Cp1252 
java_command: com.mygdx.game.desktop.DesktopLauncher
java_class_path (initial): C:\Users\Michael\Documents\GitHub\Breakout\Libgdx\desktop\bin;C:\Users\Michael\Documents\GitHub\Breakout\Libgdx\core\bin;C:\Users\Michael\.gradle\caches\modules-2\files-2.1\com.badlogicgames.gdx\gdx\1.9.2\e641cb91bec06bc64d9ddf7a7d7062caceec73cd\gdx-1.9.2.jar;C:\Users\Michael\.gradle\caches\modules-2\files-2.1\com.badlogicgames.gdx\gdx-box2d\1.9.2\b78eaa90aaaf7830e6dffff587ea6e859c2787b2\gdx-box2d-1.9.2.jar;C:\Users\Michael\.gradle\caches\modules-2\files-2.1\com.badlogicgames.gdx\gdx-controllers\1.9.2\d651e0d52443b1c1a943641eebc06482e29923bc\gdx-controllers-1.9.2.jar;C:\Users\Michael\.gradle\caches\modules-2\files-2.1\com.badlogicgames.gdx\gdx-ai\1.8.0\ec30677d8ab1a8b8aa4b853c5f4e4b1361f50bf5\gdx-ai-1.8.0.jar;C:\Users\Michael\.gradle\caches\modules-2\files-2.1\com.badlogicgames.ashley\ashley\1.7.0\a7c4083c0a42027a3c03ba7ccecef6cbe1c5f0a4\ashley-1.7.0.jar;C:\Users\Michael\.gradle\caches\modules-2\files-2.1\com.badlogicgames.box2dlights\box2dlights\1.4\3d77ad5b4164fb32fc67e2446e35911bb0aaf0bd\box2dlights-1.4.jar;C:\Users\Michael\.gradle\caches\modules-2\files-2.1\com.badlogicgames.gdx\gdx-backend-lwjgl\1.9.2\d710a8704ed584ec2ba9ca52e3a6a5885dd759cc\gdx-backend-lwjgl-1.9.2.jar;C:\Users\Michael\.gradle\caches\modules-2\files-2.1\com.badlogicgames.gdx\gdx-platform\1.9.2\dde4cf7e9ce61c24042f512203aed87657496639\gdx-platform-1.9.2-natives-desktop.jar;C:\Users\Michael\.gradle\caches\modules-2\files-2.1\com.badlogicgames.gdx\gdx-box2d-platform\1.9.2\497cbfbf81e7e8b1e8433b19291c5af4bbc2ec66\gdx-box2d-platform-1.9.2-natives-desktop.jar;C:\Users\Michael\.gradle\caches\modules-2\files-2.1\com.badlogicgames.gdx\gdx-tools\1.9.2\37d8e3009ae0febdf93717b21980c67c8cadac07\gdx-tools-1.9.2.jar;C:\Users\Michael\.gradle\caches\modules-2\files-2.1\com.badlogicgames.gdx\gdx-controllers-desktop\1.9.2\8023a69faf45a0da8bff25574de51cd77fcaf439\gdx-controllers-desktop-1.9.2.jar;C:\Users\Michael\.gradle\caches\modules-2\files-2.1\com.badlogicgames.gdx\gdx-controllers-
Launcher Type: SUN_STANDARD

Environment Variables:
PATH=C:/Program Files/Java/jre1.8.0_77/bin/server;C:/Program Files/Java/jre1.8.0_77/bin;C:/Program Files/Java/jre1.8.0_77/lib/amd64;C:\ProgramData\Oracle\Java\javapath;C:\Windows\system32;C:\Windows;C:\Windows\System32\Wbem;C:\Windows\System32\WindowsPowerShell\v1.0\;C:\Program Files (x86)\ATI Technologies\ATI.ACE\Core-Static;C:\Program Files (x86)\Skype\Phone\;C:\Windows\System32;
USERNAME=Michael
OS=Windows_NT
PROCESSOR_IDENTIFIER=AMD64 Family 21 Model 2 Stepping 0, AuthenticAMD



---------------  S Y S T E M  ---------------

OS: Windows 10.0 , 64 bit Build 10240 (10.0.10240.16384)

CPU:total 8 (8 cores per cpu, 1 threads per core) family 21 model 2 stepping 0, cmov, cx8, fxsr, mmx, sse, sse2, sse3, ssse3, sse4.1, sse4.2, popcnt, avx, aes, clmul, mmxext, 3dnowpref, lzcnt, sse4a, tsc, tscinvbit, tscinv, bmi1

Memory: 4k page, physical 33518552k(26081700k free), swap 38499288k(27786704k free)

vm_info: Java HotSpot(TM) 64-Bit Server VM (25.77-b03) for windows-amd64 JRE (1.8.0_77-b03), built on Mar 20 2016 22:01:33 by "java_re" with MS VC++ 10.0 (VS2010)

time: Wed Apr 20 12:53:53 2016
elapsed time: 5 seconds (0d 0h 0m 5s)

