#
# A fatal error has been detected by the Java Runtime Environment:
#
#  EXCEPTION_ACCESS_VIOLATION (0xc0000005) at pc=0x0000000000000000, pid=8464, tid=6220
#
# JRE version: Java(TM) SE Runtime Environment (8.0_91-b14) (build 1.8.0_91-b14)
# Java VM: Java HotSpot(TM) 64-Bit Server VM (25.91-b14 mixed mode windows-amd64 compressed oops)
# Problematic frame:
# C  0x0000000000000000
#
# Failed to write core dump. Minidumps are not enabled by default on client versions of Windows
#
# If you would like to submit a bug report, please visit:
#   http://bugreport.java.com/bugreport/crash.jsp
# The crash happened outside the Java Virtual Machine in native code.
# See problematic frame for where to report the bug.
#

---------------  T H R E A D  ---------------

Current thread (0x00000000274be000):  JavaThread "LWJGL Application" [_thread_in_native, id=6220, stack(0x000000002b6b0000,0x000000002b7b0000)]

siginfo: ExceptionCode=0xc0000005, ExceptionInformation=0x0000000000000008 0x0000000000000000

Registers:
RAX=0x000000002b9c5470, RBX=0x000000002b9b9740, RCX=0x000000000073e180, RDX=0x000000002b99c0a0
RSP=0x000000002b7aebf8, RBP=0x000000002b99c0a0, RSI=0x000000002b7aecc0, RDI=0x000000002b99c0a0
R8 =0x000000002b9b5a30, R9 =0x000000002b7aecc0, R10=0x00000000022878e8, R11=0x000000005d0a9d90
R12=0x0000000000000000, R13=0x0000000024f821e0, R14=0x000000002b7aee38, R15=0x00000000274be000
RIP=0x0000000000000000, EFLAGS=0x0000000000010206

Top of Stack: (sp=0x000000002b7aebf8)
0x000000002b7aebf8:   0000000066be047c 00000000b40002b6
0x000000002b7aec08:   0000000000000000 00000000b40002b6
0x000000002b7aec18:   000000002b9b5a30 0000000000200021
0x000000002b7aec28:   000000002b9b5a30 000000002b9b9740
0x000000002b7aec38:   000000002b99c0a0 000000002b7aecc0
0x000000002b7aec48:   0000000066bdf2d9 00000000000000da
0x000000002b7aec58:   00000000fffffe24 00000000fffffe2f
0x000000002b7aec68:   00000000000000e5 000000000073e170
0x000000002b7aec78:   0000000024f821e0 0000000000200021
0x000000002b7aec88:   000000000227835d 000000002b7aedc0
0x000000002b7aec98:   0000000066be64bd 000000002b7aee10
0x000000002b7aeca8:   00000000000000db 00009ec34795ab00
0x000000002b7aecb8:   00000000274be000 000000000073e180
0x000000002b7aecc8:   0000000000000000 0000000000000000
0x000000002b7aecd8:   000100013f800000 000000000000ffff
0x000000002b7aece8:   0000000028831870 00000000274be000 

Instructions: (pc=0x0000000000000000)
0xffffffffffffffe0:   


Register to memory mapping:

RAX=0x000000002b9c5470 is an unknown value
RBX=0x000000002b9b9740 is an unknown value
RCX=0x000000000073e180 is an unknown value
RDX=0x000000002b99c0a0 is an unknown value
RSP=0x000000002b7aebf8 is pointing into the stack for thread: 0x00000000274be000
RBP=0x000000002b99c0a0 is an unknown value
RSI=0x000000002b7aecc0 is pointing into the stack for thread: 0x00000000274be000
RDI=0x000000002b99c0a0 is an unknown value
R8 =0x000000002b9b5a30 is an unknown value
R9 =0x000000002b7aecc0 is pointing into the stack for thread: 0x00000000274be000
R10=0x00000000022878e8 is at code_begin+840 in an Interpreter codelet
method entry point (kind = native)  [0x00000000022875a0, 0x0000000002287f00]  2400 bytes
R11=0x000000005d0a9d90 is an unknown value
R12=0x0000000000000000 is an unknown value
R13={method} {0x0000000024f821e8} 'jniCreateFixture' '(JJFFFZSSS)J' in 'com/badlogic/gdx/physics/box2d/Body'
R14=0x000000002b7aee38 is pointing into the stack for thread: 0x00000000274be000
R15=0x00000000274be000 is a thread


Stack: [0x000000002b6b0000,0x000000002b7b0000],  sp=0x000000002b7aebf8,  free space=1018k
Native frames: (J=compiled Java code, j=interpreted, Vv=VM code, C=native code)

Java frames: (J=compiled Java code, j=interpreted, Vv=VM code)
j  com.badlogic.gdx.physics.box2d.Body.jniCreateFixture(JJFFFZSSS)J+0
j  com.badlogic.gdx.physics.box2d.Body.createFixture(Lcom/badlogic/gdx/physics/box2d/FixtureDef;)Lcom/badlogic/gdx/physics/box2d/Fixture;+49
j  com.mygdx.game.Model.GameStage.createBottomSensor(Lcom/badlogic/gdx/physics/box2d/World;)V+121
j  com.mygdx.game.Model.GameStage.<init>()V+166
j  com.mygdx.game.Screens.GameScreen.show()V+5
j  com.badlogic.gdx.Game.setScreen(Lcom/badlogic/gdx/Screen;)V+32
j  com.mygdx.game.BreakoutGame.create()V+82
j  com.badlogic.gdx.backends.lwjgl.LwjglApplication.mainLoop()V+29
j  com.badlogic.gdx.backends.lwjgl.LwjglApplication$1.run()V+27
v  ~StubRoutines::call_stub

---------------  P R O C E S S  ---------------

Java Threads: ( => current thread )
  0x00000000274c1000 JavaThread "DestroyJavaVM" [_thread_blocked, id=2444, stack(0x0000000002070000,0x0000000002170000)]
=>0x00000000274be000 JavaThread "LWJGL Application" [_thread_in_native, id=6220, stack(0x000000002b6b0000,0x000000002b7b0000)]
  0x00000000272f4800 JavaThread "Service Thread" daemon [_thread_blocked, id=8760, stack(0x0000000027e10000,0x0000000027f10000)]
  0x000000002725d800 JavaThread "C1 CompilerThread3" daemon [_thread_blocked, id=6136, stack(0x0000000027d10000,0x0000000027e10000)]
  0x0000000027253000 JavaThread "C2 CompilerThread2" daemon [_thread_blocked, id=7836, stack(0x0000000027c10000,0x0000000027d10000)]
  0x000000002724d000 JavaThread "C2 CompilerThread1" daemon [_thread_blocked, id=7784, stack(0x0000000027b10000,0x0000000027c10000)]
  0x0000000027249800 JavaThread "C2 CompilerThread0" daemon [_thread_blocked, id=8036, stack(0x0000000027a10000,0x0000000027b10000)]
  0x0000000027248800 JavaThread "Attach Listener" daemon [_thread_blocked, id=892, stack(0x0000000027910000,0x0000000027a10000)]
  0x0000000027247000 JavaThread "Signal Dispatcher" daemon [_thread_blocked, id=1364, stack(0x0000000027810000,0x0000000027910000)]
  0x0000000027240800 JavaThread "Finalizer" daemon [_thread_blocked, id=4664, stack(0x0000000027620000,0x0000000027720000)]
  0x0000000002267000 JavaThread "Reference Handler" daemon [_thread_blocked, id=4688, stack(0x0000000027120000,0x0000000027220000)]

Other Threads:
  0x0000000025329800 VMThread [stack: 0x0000000027020000,0x0000000027120000] [id=7948]
  0x0000000027301000 WatcherThread [stack: 0x0000000027f10000,0x0000000028010000] [id=2684]

VM state:not at safepoint (normal execution)

VM Mutex/Monitor currently owned by a thread: None

Heap:
 PSYoungGen      total 153088K, used 18422K [0x0000000715800000, 0x0000000720280000, 0x00000007c0000000)
  eden space 131584K, 14% used [0x0000000715800000,0x00000007169fd8c0,0x000000071d880000)
  from space 21504K, 0% used [0x000000071ed80000,0x000000071ed80000,0x0000000720280000)
  to   space 21504K, 0% used [0x000000071d880000,0x000000071d880000,0x000000071ed80000)
 ParOldGen       total 349696K, used 0K [0x00000005c0800000, 0x00000005d5d80000, 0x0000000715800000)
  object space 349696K, 0% used [0x00000005c0800000,0x00000005c0800000,0x00000005d5d80000)
 Metaspace       used 6759K, capacity 7203K, committed 7424K, reserved 1056768K
  class space    used 651K, capacity 688K, committed 768K, reserved 1048576K

Card table byte_map: [0x0000000011630000,0x0000000012630000] byte_map_base: 0x000000000e82c000

Marking Bits: (ParMarkBitMap*) 0x000000005d692f70
 Begin Bits: [0x00000000138e0000, 0x000000001b8c0000)
 End Bits:   [0x000000001b8c0000, 0x00000000238a0000)

Polling page: 0x0000000002000000

CodeCache: size=245760Kb used=2263Kb max_used=2280Kb free=243496Kb
 bounds [0x0000000002270000, 0x00000000024e0000, 0x0000000011270000]
 total_blobs=931 nmethods=460 adapters=385
 compilation: enabled

Compilation events (10 events):
Event: 1.606 Thread 0x000000002725d800  454       3       java.util.zip.ZipEntry::<init> (146 bytes)
Event: 1.607 Thread 0x000000002725d800 nmethod 454 0x000000000249ba90 code [0x000000000249bc20, 0x000000000249c068]
Event: 1.610 Thread 0x000000002725d800  455       3       java.lang.ClassLoader::checkPackageAccess (122 bytes)
Event: 1.611 Thread 0x000000002725d800 nmethod 455 0x000000000249d250 code [0x000000000249d480, 0x000000000249e068]
Event: 1.611 Thread 0x000000002725d800  457       3       java.util.Vector::elementData (7 bytes)
Event: 1.611 Thread 0x000000002725d800 nmethod 457 0x000000000249e610 code [0x000000000249e760, 0x000000000249e8f0]
Event: 1.611 Thread 0x000000002725d800  456   !   3       java.util.Collections$SynchronizedCollection::add (25 bytes)
Event: 1.611 Thread 0x000000002725d800 nmethod 456 0x00000000024a1990 code [0x00000000024a1b00, 0x00000000024a1ec8]
Event: 1.611 Thread 0x000000002724d000 nmethod 451 0x00000000024a2010 code [0x00000000024a2180, 0x00000000024a2528]
Event: 1.611 Thread 0x000000002724d000  453       4       sun.misc.MetaIndex::mayContain (51 bytes)

GC Heap History (0 events):
No events

Deoptimization events (0 events):
No events

Internal exceptions (10 events):
Event: 0.164 Thread 0x0000000002172800 Exception <a 'java/security/PrivilegedActionException'> (0x0000000715a10518) thrown at [C:\re\workspace\8-2-build-windows-amd64-cygwin\jdk8u91\6644\hotspot\src\share\vm\prims\jvm.cpp, line 1386]
Event: 0.164 Thread 0x0000000002172800 Exception <a 'java/security/PrivilegedActionException'> (0x0000000715a10728) thrown at [C:\re\workspace\8-2-build-windows-amd64-cygwin\jdk8u91\6644\hotspot\src\share\vm\prims\jvm.cpp, line 1386]
Event: 0.164 Thread 0x0000000002172800 Exception <a 'java/security/PrivilegedActionException'> (0x0000000715a142d0) thrown at [C:\re\workspace\8-2-build-windows-amd64-cygwin\jdk8u91\6644\hotspot\src\share\vm\prims\jvm.cpp, line 1386]
Event: 0.164 Thread 0x0000000002172800 Exception <a 'java/security/PrivilegedActionException'> (0x0000000715a144e0) thrown at [C:\re\workspace\8-2-build-windows-amd64-cygwin\jdk8u91\6644\hotspot\src\share\vm\prims\jvm.cpp, line 1386]
Event: 0.307 Thread 0x0000000002172800 Exception <a 'java/security/PrivilegedActionException'> (0x0000000715e44e88) thrown at [C:\re\workspace\8-2-build-windows-amd64-cygwin\jdk8u91\6644\hotspot\src\share\vm\prims\jvm.cpp, line 1386]
Event: 0.307 Thread 0x0000000002172800 Exception <a 'java/security/PrivilegedActionException'> (0x0000000715e46b60) thrown at [C:\re\workspace\8-2-build-windows-amd64-cygwin\jdk8u91\6644\hotspot\src\share\vm\prims\jvm.cpp, line 1386]
Event: 0.307 Thread 0x0000000002172800 Exception <a 'java/security/PrivilegedActionException'> (0x0000000715e47cd0) thrown at [C:\re\workspace\8-2-build-windows-amd64-cygwin\jdk8u91\6644\hotspot\src\share\vm\prims\jvm.cpp, line 1386]
Event: 0.307 Thread 0x0000000002172800 Exception <a 'java/security/PrivilegedActionException'> (0x0000000715e4ce38) thrown at [C:\re\workspace\8-2-build-windows-amd64-cygwin\jdk8u91\6644\hotspot\src\share\vm\prims\jvm.cpp, line 1386]
Event: 0.307 Thread 0x0000000002172800 Exception <a 'java/security/PrivilegedActionException'> (0x0000000715e4da90) thrown at [C:\re\workspace\8-2-build-windows-amd64-cygwin\jdk8u91\6644\hotspot\src\share\vm\prims\jvm.cpp, line 1386]
Event: 0.307 Thread 0x0000000002172800 Exception <a 'java/security/PrivilegedActionException'> (0x0000000715e4e6b8) thrown at [C:\re\workspace\8-2-build-windows-amd64-cygwin\jdk8u91\6644\hotspot\src\share\vm\prims\jvm.cpp, line 1386]

Events (10 events):
Event: 1.612 loading class com/badlogic/gdx/physics/box2d/EdgeShape
Event: 1.612 loading class com/badlogic/gdx/physics/box2d/EdgeShape done
Event: 1.613 loading class com/badlogic/gdx/physics/box2d/ChainShape
Event: 1.613 loading class com/badlogic/gdx/physics/box2d/ChainShape done
Event: 1.613 loading class com/badlogic/gdx/physics/box2d/Box2D
Event: 1.613 loading class com/badlogic/gdx/physics/box2d/Box2D done
Event: 1.614 loading class com/mygdx/game/Model/Entities/Ball
Event: 1.614 loading class com/mygdx/game/Model/Entities/Ball done
Event: 1.614 loading class com/mygdx/game/Model/Entities/Player
Event: 1.614 loading class com/mygdx/game/Model/Entities/Player done


Dynamic libraries:
0x00007ff73c010000 - 0x00007ff73c047000 	C:\Program Files\Java\jre1.8.0_91\bin\javaw.exe
0x00007ffd06cf0000 - 0x00007ffd06eb2000 	C:\Windows\SYSTEM32\ntdll.dll
0x00007ffd061c0000 - 0x00007ffd0626d000 	C:\Windows\system32\KERNEL32.DLL
0x00007ffd041a0000 - 0x00007ffd0437d000 	C:\Windows\system32\KERNELBASE.dll
0x00000000604a0000 - 0x0000000060551000 	C:\Program Files\Bitdefender\Antivirus Free Edition\avc3\avc3_sig_357\avcuf64.dll
0x00007ffd05e20000 - 0x00007ffd05ec6000 	C:\Windows\system32\ADVAPI32.dll
0x00007ffd05a50000 - 0x00007ffd05aed000 	C:\Windows\system32\msvcrt.dll
0x00007ffd062d0000 - 0x00007ffd0632b000 	C:\Windows\system32\sechost.dll
0x00007ffd06a00000 - 0x00007ffd06b26000 	C:\Windows\system32\RPCRT4.dll
0x00007ffd06610000 - 0x00007ffd0675e000 	C:\Windows\system32\USER32.dll
0x00007ffd06480000 - 0x00007ffd06606000 	C:\Windows\system32\GDI32.dll
0x00007ffcf89b0000 - 0x00007ffcf8c24000 	C:\Windows\WinSxS\amd64_microsoft.windows.common-controls_6595b64144ccf1df_6.0.10240.16384_none_f41f7b285750ef43\COMCTL32.dll
0x00007ffd05d80000 - 0x00007ffd05db6000 	C:\Windows\system32\IMM32.DLL
0x00007ffd05f90000 - 0x00007ffd060ec000 	C:\Windows\system32\MSCTF.dll
0x000000005c240000 - 0x000000005c312000 	C:\Program Files\Java\jre1.8.0_91\bin\msvcr100.dll
0x000000005ce80000 - 0x000000005d713000 	C:\Program Files\Java\jre1.8.0_91\bin\server\jvm.dll
0x00007ffd06ce0000 - 0x00007ffd06ce8000 	C:\Windows\system32\PSAPI.DLL
0x00007ffd01aa0000 - 0x00007ffd01aa9000 	C:\Windows\SYSTEM32\WSOCK32.dll
0x00007ffd04380000 - 0x00007ffd043e9000 	C:\Windows\system32\WS2_32.dll
0x00007ffd043f0000 - 0x00007ffd043f8000 	C:\Windows\system32\NSI.dll
0x00007ffd01840000 - 0x00007ffd01863000 	C:\Windows\SYSTEM32\WINMM.dll
0x00007ffd014e0000 - 0x00007ffd014ea000 	C:\Windows\SYSTEM32\VERSION.dll
0x00007ffd01660000 - 0x00007ffd0168c000 	C:\Windows\SYSTEM32\WINMMBASE.dll
0x00007ffd03780000 - 0x00007ffd037c4000 	C:\Windows\system32\cfgmgr32.dll
0x00007ffd02050000 - 0x00007ffd02077000 	C:\Windows\SYSTEM32\DEVOBJ.dll
0x000000005f4c0000 - 0x000000005f4cf000 	C:\Program Files\Java\jre1.8.0_91\bin\verify.dll
0x000000005f490000 - 0x000000005f4b9000 	C:\Program Files\Java\jre1.8.0_91\bin\java.dll
0x000000005f470000 - 0x000000005f486000 	C:\Program Files\Java\jre1.8.0_91\bin\zip.dll
0x00007ffd044e0000 - 0x00007ffd05a48000 	C:\Windows\system32\SHELL32.dll
0x00007ffd038e0000 - 0x00007ffd03f08000 	C:\Windows\system32\windows.storage.dll
0x00007ffd05b00000 - 0x00007ffd05d7c000 	C:\Windows\system32\combase.dll
0x00007ffd05dc0000 - 0x00007ffd05e11000 	C:\Windows\system32\shlwapi.dll
0x00007ffd036e0000 - 0x00007ffd036ef000 	C:\Windows\system32\kernel.appcore.dll
0x00007ffd040e0000 - 0x00007ffd04193000 	C:\Windows\system32\shcore.dll
0x00007ffd03730000 - 0x00007ffd0377a000 	C:\Windows\system32\powrprof.dll
0x00007ffd03710000 - 0x00007ffd03723000 	C:\Windows\system32\profapi.dll
0x00007ffd05ed0000 - 0x00007ffd05f8e000 	C:\Windows\system32\OLEAUT32.dll
0x0000000065580000 - 0x0000000065616000 	C:\Users\Michael\AppData\Local\Temp\libgdxMichael\2ec99cb7\gdx64.dll
0x00007ffd02fb0000 - 0x00007ffd02fc7000 	C:\Windows\SYSTEM32\CRYPTSP.dll
0x00007ffd03220000 - 0x00007ffd03248000 	C:\Windows\SYSTEM32\bcrypt.dll
0x00007ffd02c00000 - 0x00007ffd02c33000 	C:\Windows\system32\rsaenh.dll
0x00007ffd02cf0000 - 0x00007ffd02d0f000 	C:\Windows\SYSTEM32\USERENV.dll
0x00007ffd03530000 - 0x00007ffd0359b000 	C:\Windows\system32\bcryptprimitives.dll
0x00007ffd03120000 - 0x00007ffd0312b000 	C:\Windows\SYSTEM32\CRYPTBASE.dll
0x000000005f450000 - 0x000000005f46a000 	C:\Program Files\Java\jre1.8.0_91\bin\net.dll
0x00007ffd02f50000 - 0x00007ffd02fad000 	C:\Windows\system32\mswsock.dll
0x00007ffd01620000 - 0x00007ffd01658000 	C:\Windows\SYSTEM32\IPHLPAPI.DLL
0x00007ffd015e0000 - 0x00007ffd015eb000 	C:\Windows\SYSTEM32\WINNSI.DLL
0x00007ffcfe4a0000 - 0x00007ffcfe4b6000 	C:\Windows\SYSTEM32\dhcpcsvc6.DLL
0x00007ffcfe480000 - 0x00007ffcfe49a000 	C:\Windows\SYSTEM32\dhcpcsvc.DLL
0x000000005f430000 - 0x000000005f441000 	C:\Program Files\Java\jre1.8.0_91\bin\nio.dll
0x0000000180000000 - 0x0000000180053000 	C:\Users\Michael\AppData\Local\Temp\libgdxMichael\dc0f0009\lwjgl64.dll
0x00007ffcde100000 - 0x00007ffcde228000 	C:\Windows\SYSTEM32\OPENGL32.dll
0x00007ffcf8430000 - 0x00007ffcf845e000 	C:\Windows\SYSTEM32\GLU32.dll
0x00007ffce8970000 - 0x00007ffce8a66000 	C:\Windows\SYSTEM32\DDRAW.dll
0x00007ffcf97b0000 - 0x00007ffcf97b8000 	C:\Windows\SYSTEM32\DCIMAN32.dll
0x0000000028bd0000 - 0x0000000028c34000 	C:\Users\Michael\AppData\Local\Temp\libgdxMichael\dc0f0009\OpenAL64.dll
0x00007ffd06330000 - 0x00007ffd06471000 	C:\Windows\system32\ole32.dll
0x00007ffd01fb0000 - 0x00007ffd02046000 	C:\Windows\system32\uxtheme.dll
0x0000000028db0000 - 0x0000000028e1c000 	C:\Program Files (x86)\RivaTuner Statistics Server\RTSSHooks64.dll
0x000000005e070000 - 0x000000005e113000 	C:\Windows\WinSxS\amd64_microsoft.vc90.crt_1fc8b3b9a1e18e3b_9.0.30729.9158_none_08e47e47a83d53d6\MSVCR90.dll
0x00007ffce8fe0000 - 0x00007ffce9026000 	C:\Program Files\ASUSTeKcomputer.Inc\nhAsusPhoebus\UserInterface\x64\nhAsusPhoebusDevProps.dll
0x00007ffceb760000 - 0x00007ffceb7bf000 	C:\Program Files\ASUSTeKcomputer.Inc\nhAsusPhoebus\UserInterface\x64\nhAsusPhoebusOSD.dll
0x00007ffd060f0000 - 0x00007ffd06195000 	C:\Windows\system32\clbcatq.dll
0x00007ffcebff0000 - 0x00007ffcec01b000 	C:\PROGRA~2\RAPTRI~1\Raptr\ltc_help64-111387.dll
0x00007ffd03880000 - 0x00007ffd038d4000 	C:\Windows\system32\WINTRUST.dll
0x00007ffd036f0000 - 0x00007ffd03701000 	C:\Windows\system32\MSASN1.dll
0x00007ffd03f10000 - 0x00007ffd040d1000 	C:\Windows\system32\CRYPT32.dll
0x00007ffcffaa0000 - 0x00007ffcffb12000 	C:\Windows\System32\MMDevApi.dll
0x00007ffd00f80000 - 0x00007ffd01103000 	C:\Windows\System32\PROPSYS.dll
0x00007ffcedb70000 - 0x00007ffcedbf5000 	C:\Windows\SYSTEM32\AUDIOSES.DLL
0x00007ffd003b0000 - 0x00007ffd004e1000 	C:\Windows\SYSTEM32\wintypes.dll
0x00007ffcfe0d0000 - 0x00007ffcfe16c000 	C:\Windows\SYSTEM32\dsound.dll
0x00007ffd012a0000 - 0x00007ffd012c2000 	C:\Windows\system32\dwmapi.dll
0x00007ffcfa150000 - 0x00007ffcfa168000 	C:\Windows\SYSTEM32\atig6pxx.dll
0x000000005a490000 - 0x000000005c233000 	C:\Windows\SYSTEM32\atio6axx.dll
0x00007ffd06830000 - 0x00007ffd069f5000 	C:\Windows\system32\SETUPAPI.dll
0x00007ffcec2b0000 - 0x00007ffcec3f8000 	C:\Windows\SYSTEM32\atiadlxx.dll
0x00007ffd014f0000 - 0x00007ffd01503000 	C:\Windows\SYSTEM32\WTSAPI32.dll
0x00007ffcf36b0000 - 0x00007ffcf36dc000 	C:\Windows\SYSTEM32\atig6txx.dll
0x00007ffcde750000 - 0x00007ffcde7e1000 	C:\Windows\SYSTEM32\mscms.dll
0x00007ffcea8c0000 - 0x00007ffcea902000 	C:\Windows\SYSTEM32\icm32.dll
0x00007ffcec720000 - 0x00007ffcec930000 	C:\Windows\SYSTEM32\d3d9.dll
0x0000000066bc0000 - 0x0000000066c7b000 	C:\Users\Michael\AppData\Local\Temp\libgdxMichael\4d3c1ee0\gdx-box2d64.dll
0x00007ffd00aa0000 - 0x00007ffd00c2a000 	C:\Windows\SYSTEM32\dbghelp.dll
0x00007ffcf8330000 - 0x00007ffcf8355000 	C:\Windows\SYSTEM32\dbgcore.DLL

VM Arguments:
jvm_args: -Dfile.encoding=Cp1252 
java_command: com.mygdx.game.desktop.DesktopLauncher
java_class_path (initial): C:\Users\Michael\Documents\GitHub\Breakout\Libgdx\desktop\bin;C:\Users\Michael\Documents\GitHub\Breakout\Libgdx\core\bin;C:\Users\Michael\.gradle\caches\modules-2\files-2.1\com.badlogicgames.gdx\gdx\1.9.2\e641cb91bec06bc64d9ddf7a7d7062caceec73cd\gdx-1.9.2.jar;C:\Users\Michael\.gradle\caches\modules-2\files-2.1\com.badlogicgames.gdx\gdx-box2d\1.9.2\b78eaa90aaaf7830e6dffff587ea6e859c2787b2\gdx-box2d-1.9.2.jar;C:\Users\Michael\.gradle\caches\modules-2\files-2.1\com.badlogicgames.gdx\gdx-controllers\1.9.2\d651e0d52443b1c1a943641eebc06482e29923bc\gdx-controllers-1.9.2.jar;C:\Users\Michael\.gradle\caches\modules-2\files-2.1\com.badlogicgames.gdx\gdx-ai\1.8.0\ec30677d8ab1a8b8aa4b853c5f4e4b1361f50bf5\gdx-ai-1.8.0.jar;C:\Users\Michael\.gradle\caches\modules-2\files-2.1\com.badlogicgames.ashley\ashley\1.7.0\a7c4083c0a42027a3c03ba7ccecef6cbe1c5f0a4\ashley-1.7.0.jar;C:\Users\Michael\.gradle\caches\modules-2\files-2.1\com.badlogicgames.box2dlights\box2dlights\1.4\3d77ad5b4164fb32fc67e2446e35911bb0aaf0bd\box2dlights-1.4.jar;C:\Users\Michael\.gradle\caches\modules-2\files-2.1\com.badlogicgames.gdx\gdx-backend-lwjgl\1.9.2\d710a8704ed584ec2ba9ca52e3a6a5885dd759cc\gdx-backend-lwjgl-1.9.2.jar;C:\Users\Michael\.gradle\caches\modules-2\files-2.1\com.badlogicgames.gdx\gdx-platform\1.9.2\dde4cf7e9ce61c24042f512203aed87657496639\gdx-platform-1.9.2-natives-desktop.jar;C:\Users\Michael\.gradle\caches\modules-2\files-2.1\com.badlogicgames.gdx\gdx-box2d-platform\1.9.2\497cbfbf81e7e8b1e8433b19291c5af4bbc2ec66\gdx-box2d-platform-1.9.2-natives-desktop.jar;C:\Users\Michael\.gradle\caches\modules-2\files-2.1\com.badlogicgames.gdx\gdx-tools\1.9.2\37d8e3009ae0febdf93717b21980c67c8cadac07\gdx-tools-1.9.2.jar;C:\Users\Michael\.gradle\caches\modules-2\files-2.1\com.badlogicgames.gdx\gdx-controllers-desktop\1.9.2\8023a69faf45a0da8bff25574de51cd77fcaf439\gdx-controllers-desktop-1.9.2.jar;C:\Users\Michael\.gradle\caches\modules-2\files-2.1\com.badlogicgames.gdx\gdx-controllers-
Launcher Type: SUN_STANDARD

Environment Variables:
PATH=C:\Program Files (x86)\NZXT\CAM\FPS\;C:/Program Files/Java/jre1.8.0_91/bin/server;C:/Program Files/Java/jre1.8.0_91/bin;C:/Program Files/Java/jre1.8.0_91/lib/amd64;C:\ProgramData\Oracle\Java\javapath;C:\Windows\system32;C:\Windows;C:\Windows\System32\Wbem;C:\Windows\System32\WindowsPowerShell\v1.0\;C:\Program Files (x86)\ATI Technologies\ATI.ACE\Core-Static;C:\Program Files (x86)\Skype\Phone\;C:\Windows\system32;
USERNAME=Michael
OS=Windows_NT
PROCESSOR_IDENTIFIER=AMD64 Family 21 Model 2 Stepping 0, AuthenticAMD



---------------  S Y S T E M  ---------------

OS: Windows 10.0 , 64 bit Build 10240 (10.0.10240.16384)

CPU:total 8 (8 cores per cpu, 1 threads per core) family 21 model 2 stepping 0, cmov, cx8, fxsr, mmx, sse, sse2, sse3, ssse3, sse4.1, sse4.2, popcnt, avx, aes, clmul, mmxext, 3dnowpref, lzcnt, sse4a, tsc, tscinvbit, tscinv, bmi1

Memory: 4k page, physical 33518176k(27301336k free), swap 38498912k(29843244k free)

vm_info: Java HotSpot(TM) 64-Bit Server VM (25.91-b14) for windows-amd64 JRE (1.8.0_91-b14), built on Apr  1 2016 00:58:32 by "java_re" with MS VC++ 10.0 (VS2010)

time: Mon Apr 25 16:27:33 2016
elapsed time: 1 seconds (0d 0h 0m 1s)

